code-creation,Stub,0x505d0020,308,"JSEntryStub"
code-creation,Stub,0x505d0160,308,"JSConstructEntryStub"
code-creation,Stub,0x25bb6020,832,"CEntryStub"
code-creation,Builtin,0x505d02a0,60,"Illegal"
code-creation,Builtin,0x505d02e0,60,"EmptyFunction"
code-creation,Builtin,0x505d0320,60,"ArrayCodeGeneric"
code-creation,Builtin,0x505d0360,60,"ArrayPush"
code-creation,Builtin,0x505d03a0,60,"ArrayPop"
code-creation,Builtin,0x505d03e0,60,"ArrayShift"
code-creation,Builtin,0x505d0420,60,"ArrayUnshift"
code-creation,Builtin,0x505d0460,60,"ArraySlice"
code-creation,Builtin,0x505d04a0,60,"ArraySplice"
code-creation,Builtin,0x505d04e0,60,"ArrayConcat"
code-creation,Builtin,0x505d0520,64,"HandleApiCall"
code-creation,Builtin,0x505d0560,60,"FastHandleApiCall"
code-creation,Builtin,0x505d05a0,64,"HandleApiCallConstruct"
code-creation,Builtin,0x505d05e0,60,"HandleApiCallAsFunction"
code-creation,Builtin,0x505d0620,60,"HandleApiCallAsConstructor"
code-creation,Builtin,0x505d0660,60,"StrictModePoisonPill"
code-creation,Builtin,0x505d06a0,196,"ArgumentsAdaptorTrampoline"
code-creation,Builtin,0x505d0780,108,"JSConstructCall"
code-creation,Builtin,0x505d0800,616,"JSConstructStubCountdown"
code-creation,Builtin,0x505d0a80,548,"JSConstructStubGeneric"
code-creation,Builtin,0x505d0cc0,512,"JSConstructStubApi"
code-creation,Builtin,0x505d0ec0,208,"JSEntryTrampoline"
code-creation,Builtin,0x505d0fa0,164,"JSConstructEntryTrampoline"
code-creation,Builtin,0x505d1060,124,"LazyCompile"
code-creation,Builtin,0x505d10e0,124,"LazyRecompile"
code-creation,Builtin,0x505d1160,152,"NotifyDeoptimized"
code-creation,Builtin,0x505d1200,152,"NotifyLazyDeoptimized"
code-creation,Builtin,0x505d12a0,108,"NotifyOSR"
code-creation,Builtin,0x505d1320,68,"LoadIC_Miss"
code-creation,Builtin,0x505d1380,64,"KeyedLoadIC_Miss"
code-creation,Builtin,0x505d13c0,64,"KeyedLoadIC_MissForceGeneric"
code-creation,Builtin,0x505d1400,64,"KeyedLoadIC_Slow"
code-creation,Builtin,0x505d1440,68,"StoreIC_Miss"
code-creation,Builtin,0x505d14a0,64,"KeyedStoreIC_Miss"
code-creation,Builtin,0x505d14e0,64,"KeyedStoreIC_MissForceGeneric"
code-creation,Builtin,0x505d1520,64,"KeyedStoreIC_Slow"
code-creation,Builtin,0x505d1560,68,"LoadIC_Initialize"
code-creation,Builtin,0x505d15c0,68,"LoadIC_PreMonomorphic"
code-creation,Stub,0x505d1620,652,"StringDictionaryNegativeLookupStub"
code-creation,Builtin,0x505d18c0,348,"LoadIC_Normal"
code-creation,Builtin,0x505d1a20,80,"LoadIC_ArrayLength"
code-creation,Builtin,0x505d1a80,84,"LoadIC_StringLength"
code-creation,Builtin,0x505d1ae0,132,"LoadIC_StringWrapperLength"
code-creation,Builtin,0x505d1b80,136,"LoadIC_FunctionPrototype"
code-creation,Builtin,0x505d1c20,268,"LoadIC_Megamorphic"
code-creation,Builtin,0x505d1d40,64,"KeyedLoadIC_Initialize"
code-creation,Builtin,0x505d1d80,64,"KeyedLoadIC_PreMonomorphic"
code-creation,Builtin,0x505d2020,844,"KeyedLoadIC_Generic"
code-creation,Builtin,0x505d2380,692,"KeyedLoadIC_String"
code-creation,Builtin,0x505d2640,128,"KeyedLoadIC_IndexedInterceptor"
code-creation,Builtin,0x505d26c0,260,"KeyedLoadIC_NonStrictArguments"
code-creation,Builtin,0x505d27e0,68,"StoreIC_Initialize"
code-creation,Builtin,0x505d2840,148,"StoreIC_ArrayLength"
code-creation,Builtin,0x505d28e0,408,"StoreIC_Normal"
code-creation,Builtin,0x505d2a80,268,"StoreIC_Megamorphic"
code-creation,Builtin,0x505d2ba0,80,"StoreIC_GlobalProxy"
code-creation,Builtin,0x505d2c00,68,"StoreIC_Initialize_Strict"
code-creation,Builtin,0x505d2c60,148,"StoreIC_ArrayLength_Strict"
code-creation,Builtin,0x505d2d00,408,"StoreIC_Normal_Strict"
code-creation,Builtin,0x505d2ea0,268,"StoreIC_Megamorphic_Strict"
code-creation,Builtin,0x505d2fc0,80,"StoreIC_GlobalProxy_Strict"
code-creation,Builtin,0x505d3020,64,"KeyedStoreIC_Initialize"
code-creation,Builtin,0x505d3060,320,"KeyedStoreIC_Generic"
code-creation,Builtin,0x505d31a0,64,"KeyedStoreIC_Initialize_Strict"
code-creation,Builtin,0x505d31e0,320,"KeyedStoreIC_Generic_Strict"
code-creation,Builtin,0x505d3320,356,"KeyedStoreIC_NonStrictArguments"
code-creation,Builtin,0x505d34a0,484,"FunctionCall"
code-creation,Builtin,0x505d36a0,548,"FunctionApply"
code-creation,Builtin,0x505d38e0,600,"ArrayCode"
code-creation,Builtin,0x505d3b40,588,"ArrayConstructCode"
code-creation,Builtin,0x505d3da0,444,"StringConstructCode"
code-creation,Builtin,0x505d4020,764,"OnStackReplacement"
code-creation,Builtin,0x505d4320,120,"Return_DebugBreak"
code-creation,Builtin,0x505d43a0,128,"ConstructCall_DebugBreak"
code-creation,Builtin,0x505d4420,112,"StubNoRegisters_DebugBreak"
code-creation,Builtin,0x505d44a0,120,"LoadIC_DebugBreak"
code-creation,Builtin,0x505d4520,120,"KeyedLoadIC_DebugBreak"
code-creation,Builtin,0x505d45a0,120,"StoreIC_DebugBreak"
code-creation,Builtin,0x505d4620,120,"KeyedStoreIC_DebugBreak"
code-creation,Builtin,0x505d46a0,112,"Slot_DebugBreak"
code-creation,Builtin,0x505d4720,80,"PlainReturn_LiveEdit"
code-creation,Builtin,0x505d4780,80,"FrameDropper_LiveEdit"
code-creation,Stub,0x505d47e0,60,"StackCheckStub"
code-creation,Script,0x505d4820,876,"native runtime.js",0x593e682c,
code-creation,CallInitialize,0x505d4ba0,208,"args_count: 1"
code-creation,CallInitialize,0x505d4c80,208,"args_count: 2"
code-creation,LazyCompile,0x505d4d60,2156,"EQUALS native runtime.js:54",0x593e575c,
code-creation,LazyCompile,0x505d55e0,388,"STRICT_EQUALS native runtime.js:100",0x593e57b8,
code-creation,Stub,0x505d5780,220,"StringCompareStub"
code-creation,Stub,0x505d5860,136,"CompareICStub"
code-creation,LazyCompile,0x505d5900,1204,"COMPARE native runtime.js:120",0x593e5814,
code-creation,Stub,0x505d6020,1220,"StringAddStub"
code-creation,LazyCompile,0x505d6500,800,"ADD native runtime.js:163",0x593e5870,
code-creation,LazyCompile,0x505d6820,320,"SUB native runtime.js:214",0x593e5984,
code-creation,LazyCompile,0x505d6960,320,"MUL native runtime.js:222",0x593e59e0,
code-creation,LazyCompile,0x505d6aa0,320,"DIV native runtime.js:230",0x593e5a3c,
code-creation,LazyCompile,0x505d6be0,320,"MOD native runtime.js:238",0x593e5a98,
code-creation,LazyCompile,0x505d6d20,320,"BIT_OR native runtime.js:252",0x593e5af4,
code-creation,LazyCompile,0x505d6e60,460,"BIT_AND native runtime.js:260",0x593e5b50,
code-creation,LazyCompile,0x505d7040,320,"BIT_XOR native runtime.js:282",0x593e5bac,
code-creation,LazyCompile,0x505d7180,236,"UNARY_MINUS native runtime.js:290",0x593e5c08,
code-creation,LazyCompile,0x505d7280,236,"BIT_NOT native runtime.js:297",0x593e5c64,
code-creation,LazyCompile,0x505d7380,320,"SHL native runtime.js:304",0x593e5cc0,
code-creation,LazyCompile,0x505d74c0,460,"SAR native runtime.js:312",0x593e5d1c,
code-creation,LazyCompile,0x505d76a0,320,"SHR native runtime.js:334",0x593e5d78,
code-creation,LazyCompile,0x505d77e0,240,"DELETE native runtime.js:348",0x593e5dd4,
code-creation,Stub,0x505d78e0,204,"FastCloneShallowArrayStub"
code-creation,Stub,0x505d79c0,76,"ToBooleanStub_None"
code-creation,LazyCompile,0x505d7a20,588,"IN native runtime.js:354",0x593e5e30,
code-creation,Stub,0x505d7c80,136,"CompareICStub"
code-creation,Stub,0x505d7d20,196,"FastCloneShallowArrayStub"
code-creation,LazyCompile,0x505d8020,800,"INSTANCE_OF native runtime.js:367",0x593e5e8c,
code-creation,LazyCompile,0x505d8340,144,"GET_KEYS native runtime.js:391",0x593e5ee8,
code-creation,LazyCompile,0x505d83e0,240,"FILTER_KEY native runtime.js:399",0x593e5f44,
code-creation,Stub,0x505d84e0,420,"ArgumentsAccessStub_NewNonStrictFast"
code-creation,LazyCompile,0x505d86a0,520,"CALL_NON_FUNCTION native runtime.js:406",0x593e5fa0,
code-creation,LazyCompile,0x505d88c0,520,"CALL_NON_FUNCTION_AS_CONSTRUCTOR native runtime.js:415",0x593e6020,
code-creation,Stub,0x505d8ae0,80,"BinaryOpStub_SUB_Alloc_Uninitialized"
code-creation,Stub,0x505d8b40,140,"ArgumentsAccessStub_ReadElement"
code-creation,LazyCompile,0x505d8be0,348,"CALL_FUNCTION_PROXY native runtime.js:424",0x593e607c,
code-creation,Stub,0x505d8d40,164,"FastNewContextStub"
code-creation,CallInitialize,0x505d8e00,208,"args_count: 2"
code-creation,LazyCompile,0x505d8ee0,876,"CALL_FUNCTION_PROXY_AS_CONSTRUCTOR native runtime.js:432",0x593e60d8,
code-creation,LazyCompile,0x505d9260,156,"TO_OBJECT native runtime.js:492",0x593e61ec,
code-creation,LazyCompile,0x505d9300,156,"TO_NUMBER native runtime.js:498",0x593e6248,
code-creation,LazyCompile,0x505d93a0,156,"TO_STRING native runtime.js:504",0x593e62a4,
code-creation,Stub,0x505d9440,200,"NumberToStringStub"
code-creation,LazyCompile,0x505d9520,660,"STRING_ADD_LEFT native runtime.js:183",0x593e58cc,
code-creation,LazyCompile,0x505d97c0,676,"STRING_ADD_RIGHT native runtime.js:198",0x593e5928,
code-creation,Stub,0x505d9a80,136,"CompareICStub"
code-creation,Stub,0x505d9b20,136,"CompareICStub"
code-creation,Stub,0x505d9bc0,136,"CompareICStub"
code-creation,Stub,0x505d9c60,168,"FastCloneShallowArrayStub"
code-creation,LazyCompile,0x505da020,1484,"APPLY_PREPARE native runtime.js:449",0x593e6134,
code-creation,LazyCompile,0x505da600,224,"APPLY_OVERFLOW native runtime.js:486",0x593e6190,
code-creation,CallInitialize,0x505da6e0,208,"args_count: 0"
code-creation,CallInitialize,0x505da7c0,208,"args_count: 12"
code-creation,CallInitialize,0x505da8a0,208,"args_count: 38"
code-creation,CallInitialize,0x505da980,208,"args_count: 3"
code-creation,Script,0x505daa60,2852,"native v8natives.js",0x593e9a80,
code-creation,CallPreMonomorphic,0x505db5a0,208,"args_count: 0"
code-creation,CallInitialize,0x505db680,208,"args_count: 10"
code-creation,LazyCompile,0x505db760,700,"SetUpGlobal native v8natives.js:193",0x593e7cb0,
code-creation,CallPreMonomorphic,0x505dba20,208,"args_count: 10"
code-creation,CallPreMonomorphic,0x505dbb00,208,"args_count: 3"
code-creation,Stub,0x505dbbe0,80,"BinaryOpStub_SAR_Alloc_Uninitialized"
code-creation,Stub,0x505dbc40,80,"BinaryOpStub_ADD_Alloc_Uninitialized"
code-creation,LazyCompile,0x505dbca0,776,"InstallFunctions native v8natives.js:48",0x593e79d0,
code-creation,Stub,0x505dc020,160,"CompareICStub"
code-creation,Stub,0x505dc0c0,136,"BinaryOpStub_SAR_Alloc_SMI"
code-creation,Stub,0x505dc160,160,"CompareICStub"
code-creation,Stub,0x505dc200,100,"KeyedLoadElementStub"
code-creation,KeyedLoadIC,0x505dc280,84,""
code-creation,KeyedLoadIC,0x505dc280,84,"args_count: 0"
code-creation,Stub,0x505dc2e0,132,"BinaryOpStub_ADD_Alloc_SMI"
code-creation,CallInitialize,0x505dc380,208,"args_count: 1"
code-creation,LazyCompile,0x505dc460,324,"$Object.constructor native v8natives.js:220",0x593e9274,
code-creation,LazyCompile,0x505dc460,324,"$Object.constructor native v8natives.js:220",0x593e9274,
code-creation,CallPreMonomorphic,0x505dc5c0,208,"args_count: 1"
code-creation,LazyCompile,0x505dc6a0,476,"ToBoolean native runtime.js:527",0x593e635c,
code-creation,StoreIC,0x505dc880,152,"constructor"
code-creation,StoreIC,0x505dc880,152,"constructor"
code-creation,CallPreMonomorphic,0x505dc920,208,"args_count: 12"
code-creation,CallPreMonomorphic,0x505dca00,208,"args_count: 38"
code-creation,Stub,0x505dcae0,80,"BinaryOpStub_ADD_OverwriteLeft_Uninitialized"
code-creation,Stub,0x505dcb40,92,"ToNumberStub"
code-creation,LazyCompile,0x505dcba0,1172,"SetUpLockedPrototype native v8natives.js:79",0x593e7a88,
code-creation,Stub,0x505dd040,116,"ToBooleanStub_SpecObject"
code-creation,Stub,0x505dd0c0,132,"BinaryOpStub_ADD_OverwriteLeft_SMI"
code-creation,LazyCompile,0x505dd160,408,"a native v8natives.js:1171",0x593e99a4,
code-creation,LazyCompile,0x505dd160,408,"a native v8natives.js:1171",0x593e99a4,
code-creation,CallInitialize,0x505dd300,208,"args_count: 20"
code-creation,CallInitialize,0x505dd3e0,208,"args_count: 26"
code-creation,LazyCompile,0x505dd4c0,1280,"SetUpObject native v8natives.js:1186",0x593e8cb4,
code-creation,CallPreMonomorphic,0x505dd9c0,208,"args_count: 20"
code-creation,CallPreMonomorphic,0x505ddaa0,208,"args_count: 26"
code-creation,CallInitialize,0x505ddb80,208,"args_count: 4"
code-creation,LazyCompile,0x505ddc60,336,"SetUpBoolean native v8natives.js:1249",0x593e8dc8,
code-creation,CallPreMonomorphic,0x505dddc0,208,"args_count: 4"
code-creation,LazyCompile,0x505de020,372,"b native v8natives.js:1264",0x593e9a00,
code-creation,LazyCompile,0x505de020,372,"b native v8natives.js:1264",0x593e9a00,
code-creation,Stub,0x505de1a0,156,"CompareICStub"
code-creation,LazyCompile,0x505de240,500,"ToNumber native runtime.js:537",0x593e63b8,
code-creation,LazyCompile,0x505de440,1244,"SetUpNumber native v8natives.js:1372",0x593e904c,
code-creation,Stub,0x505de920,216,"CallFunctionStub_Args0"
code-creation,LazyCompile,0x505dea00,1332,"NewFunction native v8natives.js:1527",0x593e91bc,
code-creation,LazyCompile,0x505dea00,1332,"NewFunction native v8natives.js:1527",0x593e91bc,
code-creation,LazyCompile,0x505def40,336,"SetUpFunction native v8natives.js:1553",0x593e9218,
code-creation,Script,0x505df0a0,296,"native array.js",0x593eb84c,
code-creation,Function,0x505df1e0,312,"getFunction native array.js:1330",0x593ebf68,
code-creation,Stub,0x505df320,188,"FastNewClosureStub"
code-creation,Stub,0x505df3e0,216,"CallFunctionStub_Args2"
code-creation,Stub,0x505df4c0,216,"CallFunctionStub_Args3"
code-creation,CallInitialize,0x505df5a0,208,"args_count: 42"
code-creation,CallInitialize,0x505df680,208,"args_count: 6"
code-creation,LazyCompile,0x505e0020,3248,"SetUpArray native array.js:1317",0x593eb7cc,
code-creation,CallPreMonomorphic,0x505e0ce0,208,"args_count: 2"
code-creation,CallPreMonomorphic,0x505e0dc0,208,"args_count: 1"
code-creation,LazyCompile,0x505e0ea0,592,"hasOwnProperty native v8natives.js:264",0x593e7e20,
code-creation,Stub,0x505e1100,104,"ToBooleanStub_Bool"
code-creation,CallMiss,0x505e1180,208,"args_count: 1"
code-creation,CallIC,0x505e1260,136,"hasOwnProperty"
code-creation,KeyedLoadIC,0x505e1300,104,"push"
code-creation,KeyedLoadIC,0x505e1300,104,"push"
code-creation,KeyedLoadIC,0x505e1380,104,"concat"
code-creation,KeyedLoadIC,0x505e1380,104,"concat"
code-creation,CallPreMonomorphic,0x505e1400,208,"args_count: 42"
code-creation,LazyCompile,0x505e14e0,288,"InstallFunctionsOnHiddenPrototype native v8natives.js:67",0x593e7a2c,
code-creation,CallPreMonomorphic,0x505e1600,208,"args_count: 6"
code-creation,Stub,0x505e16e0,168,"FastCloneShallowArrayStub"
code-creation,Script,0x505e17a0,1092,"native string.js",0x593ed8d8,
code-creation,LazyCompile,0x505e1c00,424,"b native string.js:36",0x593ed744,
code-creation,LazyCompile,0x505e1c00,424,"b native string.js:36",0x593ed744,
code-creation,CallInitialize,0x505e1dc0,208,"args_count: 70"
code-creation,LazyCompile,0x505e2020,1920,"SetUpString native string.js:943",0x593ed6e8,
code-creation,CallPreMonomorphic,0x505e27a0,208,"args_count: 70"
code-creation,LoadIC,0x505e2880,88,"$Object"
code-creation,LoadIC,0x505e2880,88,"$Object"
code-creation,CallMiss,0x505e28e0,208,"args_count: 3"
code-creation,CallIC,0x505e29c0,128,"InstallFunctions"
code-creation,Script,0x505e2a40,304,"native uri.js",0x593eea28,
code-creation,LazyCompile,0x505e2b80,476,"SetUpUri native uri.js:395",0x593ee9a8,
code-creation,Script,0x505e2d60,740,"native math.js",0x593ef5e8,
code-creation,LazyCompile,0x505e3060,108,"MathConstructor native math.js:38",0x593eee94,
code-creation,CallInitialize,0x505e30e0,208,"args_count: 36"
code-creation,LazyCompile,0x505e31c0,1740,"SetUpMath native math.js:198",0x593ef568,
code-creation,CallPreMonomorphic,0x505e38a0,208,"args_count: 36"
code-creation,CallInitialize,0x505e3980,208,"args_count: 5"
code-creation,CallInitialize,0x505e3a60,208,"args_count: 14"
code-creation,CallInitialize,0x505e3b40,208,"args_count: 30"
code-creation,Script,0x505e4020,3120,"native messages.js",0x593f20a0,
code-creation,LazyCompile,0x505e4c60,196,"b native messages.js:124",0x593f2020,
code-creation,LazyCompile,0x505e4c60,196,"b native messages.js:124",0x593f2020,
code-creation,CallPreMonomorphic,0x505e4d40,208,"args_count: 5"
code-creation,CallPreMonomorphic,0x505e4e20,208,"args_count: 14"
code-creation,CallPreMonomorphic,0x505e4f00,208,"args_count: 30"
code-creation,Stub,0x505e4fe0,216,"CallFunctionStub_Args1"
code-creation,LazyCompile,0x505e50c0,620,"SetUpError native messages.js:1069",0x593f1ec0,
code-creation,Function,0x505e5340,108,"ErrorPrototype native messages.js:1088",0x593f2e14,
code-creation,Function,0x505e53c0,228," native messages.js:1115",0x593f2e94,
code-creation,Function,0x505e54c0,700," native messages.js:1104",0x593f2f14,
code-creation,LazyCompile,0x505e5780,1076,"DefineError native messages.js:1072",0x593f2af0,
code-creation,Stub,0x505e6020,1228,"StringAddStub"
code-creation,Stub,0x505e6500,144,"BinaryOpStub_ADD_Alloc_BothStrings"
code-creation,Stub,0x505e65a0,188,"CompareICStub"
code-creation,LazyCompile,0x505e54c0,700," native messages.js:1104",0x593f2f14,
code-creation,LoadIC,0x505e6660,88,"global"
code-creation,LoadIC,0x505e6660,88,"global"
code-creation,LoadIC,0x505e66c0,88,"builtins"
code-creation,LoadIC,0x505e66c0,88,"builtins"
code-creation,Stub,0x505e6720,524,"CompareStub_EQ_r1_r0_STRICT"
code-creation,Function,0x505e6940,164," native messages.js:1063",0x593f2fc8,
code-creation,LazyCompile,0x505e6a00,584,"captureStackTrace native messages.js:1054",0x593f1e64,
code-creation,Stub,0x505e6c60,92,"ToBooleanStub_Undefined"
code-creation,LazyCompile,0x505e54c0,700," native messages.js:1104",0x593f2f14,
code-creation,LoadIC,0x505e6cc0,88,"$Error"
code-creation,LoadIC,0x505e6cc0,88,"$Error"
code-creation,LoadIC,0x505e6d20,88,"kAddMessageAccessorsMarker"
code-creation,LoadIC,0x505e6d20,88,"kAddMessageAccessorsMarker"
code-creation,CallMiss,0x505e6d80,208,"args_count: 2"
code-creation,CallIC,0x505e6e60,128,"captureStackTrace"
code-creation,LoadIC,0x505e6ee0,140,""
code-creation,LoadIC,0x505e6ee0,140,""
code-creation,LazyCompile,0x505e54c0,700," native messages.js:1104",0x593f2f14,
code-creation,LazyCompile,0x505e54c0,700," native messages.js:1104",0x593f2f14,
code-creation,LazyCompile,0x505e54c0,700," native messages.js:1104",0x593f2f14,
code-creation,LazyCompile,0x505e54c0,700," native messages.js:1104",0x593f2f14,
code-creation,LazyCompile,0x505e54c0,700," native messages.js:1104",0x593f2f14,
code-creation,LazyCompile,0x505e6f80,188,"MakeRangeError native messages.js:297",0x593f1004,
code-creation,LazyCompile,0x505e7040,336,"MakeGenericError native messages.js:107",0x593f0e38,
code-creation,Stub,0x505e71a0,176,"FastNewContextStub"
code-creation,Function,0x505e7260,360,"getter native messages.js:733",0x593f3104,
code-creation,Function,0x505e73e0,256,"setter native messages.js:741",0x593f3184,
code-creation,LazyCompile,0x505e74e0,656,"DefineOneShotAccessor native messages.js:727",0x593f16d8,
code-creation,StoreIC,0x505e7780,148,"get"
code-creation,StoreIC,0x505e7780,148,"get"
code-creation,StoreIC,0x505e7820,148,"set"
code-creation,StoreIC,0x505e7820,148,"set"
code-creation,LazyCompile,0x505e8020,2164,"ToPropertyDescriptor native v8natives.js:432",0x593e835c,
code-creation,LazyCompile,0x505e88a0,576,"PropertyDescriptor native v8natives.js:494",0x593e8414,
code-creation,LazyCompile,0x505e8ae0,452,"ToString native runtime.js:560",0x593e6470,
code-creation,LazyCompile,0x505e8cc0,184,"$Array.writable_ native v8natives.js:538",0x593e9440,
code-creation,StoreIC,0x505e8d80,148,"enumerable_"
code-creation,StoreIC,0x505e8d80,148,"enumerable_"
code-creation,StoreIC,0x505e8e20,148,"hasEnumerable_"
code-creation,StoreIC,0x505e8e20,148,"hasEnumerable_"
code-creation,CallIC,0x505e8ec0,128,"ToString"
code-creation,LazyCompile,0x505e8f40,184,"$Array.get_ native v8natives.js:558",0x593e9668,
code-creation,StoreIC,0x505e9000,148,"configurable_"
code-creation,StoreIC,0x505e9000,148,"configurable_"
code-creation,StoreIC,0x505e90a0,148,"hasConfigurable_"
code-creation,StoreIC,0x505e90a0,148,"hasConfigurable_"
code-creation,Stub,0x505e9140,188,"CompareICStub"
code-creation,LazyCompile,0x505e9200,184,"$Array.set_ native v8natives.js:568",0x593e977c,
code-creation,StoreIC,0x505e92c0,148,"get_"
code-creation,StoreIC,0x505e92c0,148,"get_"
code-creation,StoreIC,0x505e9360,148,"hasGetter_"
code-creation,StoreIC,0x505e9360,148,"hasGetter_"
code-creation,LazyCompile,0x505e9400,184,"d native v8natives.js:578",0x593e9890,
code-creation,StoreIC,0x505e94c0,148,"set_"
code-creation,StoreIC,0x505e94c0,148,"set_"
code-creation,StoreIC,0x505e9560,148,"hasSetter_"
code-creation,StoreIC,0x505e9560,148,"hasSetter_"
code-creation,LazyCompile,0x505e9600,228,"IsInconsistentDescriptor native v8natives.js:379",0x593e8248,
code-creation,CallInitialize,0x505e9700,208,"args_count: 0"
code-creation,LazyCompile,0x505e97e0,264,"IsAccessorDescriptor native v8natives.js:360",0x593e8134,
code-creation,CallPreMonomorphic,0x505e9900,208,"args_count: 0"
code-creation,LazyCompile,0x505e99e0,136,"$Array.set_ native v8natives.js:575",0x593e9834,
code-creation,LazyCompile,0x505e9a80,264,"IsDataDescriptor native v8natives.js:367",0x593e8190,
code-creation,LazyCompile,0x505e9ba0,136,"$Array.enumerable_ native v8natives.js:535",0x593e93e4,
code-creation,LazyCompile,0x505e9c40,136,"$Array.configurable_ native v8natives.js:555",0x593e960c,
code-creation,Stub,0x505e9ce0,80,"BinaryOpStub_BIT_OR_Alloc_Uninitialized"
code-creation,LazyCompile,0x505ea020,6816,"DefineOwnProperty native v8natives.js:692",0x593e86f4,
code-creation,LazyCompile,0x505ebac0,592,"ToObject native runtime.js:577",0x593e6528,
code-creation,LazyCompile,0x505e3c20,740,"ConvertDescriptorArrayToDescriptor native v8natives.js:593",0x593e8470,
code-creation,LazyCompile,0x505ebd20,136,"$Array.writable_ native v8natives.js:545",0x593e94f8,
code-creation,LazyCompile,0x505ebdc0,136,"$Array.writable_ native v8natives.js:542",0x593e949c,
code-creation,Stub,0x505ebe60,128,"BinaryOpStub_BIT_OR_Alloc_SMI"
code-creation,LazyCompile,0x505ebee0,136,"$Array.get_ native v8natives.js:562",0x593e96c4,
code-creation,LazyCompile,0x505d3f60,136,"$Array.get_ native v8natives.js:565",0x593e9720,
code-creation,CallMiss,0x505e3f20,208,"args_count: 0"
code-creation,CallIC,0x505e1ea0,192,"hasValue"
code-creation,LoadIC,0x505ebf80,84,"hasValue_"
code-creation,LoadIC,0x505ebf80,84,"hasValue_"
code-creation,CallIC,0x505ddea0,192,"hasWritable"
code-creation,LoadIC,0x505ddf60,84,"hasWritable_"
code-creation,LoadIC,0x505ddf60,84,"hasWritable_"
code-creation,LazyCompile,0x505d7e00,244,"IsGenericDescriptor native v8natives.js:374",0x593e81ec,
code-creation,CallIC,0x505d7f00,192,"hasGetter"
code-creation,LoadIC,0x505e1f60,84,"hasGetter_"
code-creation,LoadIC,0x505e1f60,84,"hasGetter_"
code-creation,CallMiss,0x505d5dc0,208,"args_count: 1"
code-creation,CallIC,0x505d5ea0,128,"IsAccessorDescriptor"
code-creation,LazyCompile,0x505d5f20,136,"$Array.set_ native v8natives.js:572",0x593e97d8,
code-creation,LazyCompile,0x505d1dc0,136," native v8natives.js:585",0x593e9948,
code-creation,LazyCompile,0x505d1e60,136,"d native v8natives.js:582",0x593e98ec,
code-creation,LoadIC,0x505d1f00,140,""
code-creation,LoadIC,0x505d1f00,140,""
code-creation,StoreIC,0x505e9d40,152,"type"
code-creation,StoreIC,0x505e9d40,152,"type"
code-creation,StoreIC,0x505e9de0,152,"arguments"
code-creation,StoreIC,0x505e9de0,152,"arguments"
code-creation,Script,0x505e9e80,304,"native apinatives.js",0x593f3864,
code-creation,Stub,0x505d9d20,212,"FastCloneShallowArrayStub"
code-creation,Script,0x505df760,1928,"native date.js",0x593f5bf0,
code-creation,StoreIC,0x505dff00,148,"time"
code-creation,StoreIC,0x505dff00,148,"time"
code-creation,StoreIC,0x505d9e00,148,"year"
code-creation,StoreIC,0x505d9e00,148,"year"
code-creation,Stub,0x505d9ea0,136,"CompareICStub"
code-creation,LazyCompile,0x306e4020,2480,"WeekDays native date.js:398",0x593f5b70,
code-creation,LazyCompile,0x306e4020,2480,"WeekDays native date.js:398",0x593f5b70,
code-creation,LazyCompile,0x306e49e0,400,"TimeClip native date.js:378",0x593f463c,
code-creation,LazyCompile,0x306e4b80,480,"isFinite native v8natives.js:115",0x593e7b40,
code-creation,Stub,0x306e4d60,556,"CompareStub_EQ_r1_r0"
code-creation,Stub,0x306e4fa0,236,"CompareICStub"
code-creation,CallInitialize,0x306e50a0,208,"args_count: 92"
code-creation,LazyCompile,0x306e5180,2440,"SetUpDate native date.js:1051",0x593f5b14,
code-creation,CallPreMonomorphic,0x306e5b20,208,"args_count: 92"
code-creation,Script,0x306e5c00,568,"native regexp.js",0x593f7004,
code-creation,Function,0x306e5e40,228,"RegExpGetInput native regexp.js:428",0x593f7318,
code-creation,Function,0x306e6020,204,"RegExpSetInput native regexp.js:432",0x593f7398,
code-creation,Function,0x306e6100,120,"RegExpGetMultiline native regexp.js:452",0x593f7414,
code-creation,Function,0x306e6180,220,"RegExpSetMultiline native regexp.js:453",0x593f7494,
code-creation,Function,0x306e6260,108,"NoOpSetter native regexp.js:461",0x593f7514,
code-creation,CallInitialize,0x306e62e0,208,"args_count: 8"
code-creation,LazyCompile,0x306e63c0,4100,"SetUpRegExp native regexp.js:408",0x593f6f84,
code-creation,LazyCompile,0x306e73e0,344,"RegExpConstructor native regexp.js:86",0x593f6ad8,
code-creation,LazyCompile,0x306e73e0,344,"RegExpConstructor native regexp.js:86",0x593f6ad8,
code-creation,CallPreMonomorphic,0x306e7540,208,"args_count: 8"
code-creation,Stub,0x306e7620,1464,"StringAddStub"
code-creation,Stub,0x306e8020,1464,"StringAddStub"
code-creation,Stub,0x306e85e0,160,"BinaryOpStub_ADD_Alloc_Strings"
code-creation,CallPreMonomorphic,0x306e8680,208,"args_count: 2"
code-creation,LazyCompile,0x306e8760,512,"ToPrimitive native runtime.js:516",0x593e6300,
code-creation,Stub,0x306e8960,80,"BinaryOpStub_MUL_Alloc_Uninitialized"
code-creation,Stub,0x306e89c0,80,"BinaryOpStub_ADD_OverwriteRight_Uninitialized"
code-creation,Function,0x306e8a20,868," native regexp.js:371",0x593f76fc,
code-creation,LazyCompile,0x306e8da0,228,"RegExpMakeCaptureGetter native regexp.js:370",0x593f6f28,
code-creation,CallMiss,0x306e8ea0,208,"args_count: 2"
code-creation,CallIC,0x306e8f80,128,"ToPrimitive"
code-creation,LoadIC,0x306e9000,88,"$RegExp"
code-creation,LoadIC,0x306e9000,88,"$RegExp"
code-creation,CallIC,0x306e9060,128,"RegExpMakeCaptureGetter"
code-creation,Script,0x306e90e0,292,"native json.js",0x593f7c88,
code-creation,LazyCompile,0x306e9220,316,"SetUpJSON native json.js:340",0x593f7c08,
code-delete,0x505d1f00
code-delete,0x505d5ea0
code-delete,0x505d7f00
code-delete,0x505d9e00
code-delete,0x505dc280
code-delete,0x505dc880
code-delete,0x505ddea0
code-delete,0x505ddf60
code-delete,0x505dff00
code-delete,0x505e1260
code-delete,0x505e1300
code-delete,0x505e1380
code-delete,0x505e1ea0
code-delete,0x505e1f60
code-delete,0x505e2880
code-delete,0x505e29c0
code-delete,0x505e6660
code-delete,0x505e66c0
code-delete,0x505e6cc0
code-delete,0x505e6d20
code-delete,0x505e6e60
code-delete,0x505e6ee0
code-delete,0x505e7780
code-delete,0x505e7820
code-delete,0x505e8d80
code-delete,0x505e8e20
code-delete,0x505e8ec0
code-delete,0x505e9000
code-delete,0x505e90a0
code-delete,0x505e92c0
code-delete,0x505e9360
code-delete,0x505e94c0
code-delete,0x505e9560
code-delete,0x505e9d40
code-delete,0x505e9de0
code-delete,0x505ebf80
code-delete,0x306e8f80
code-delete,0x306e9000
code-delete,0x306e9060
sfi-move,0x593e4638,0x593e4638
sfi-move,0x593e46c4,0x593e46c4
sfi-move,0x593e479c,0x593e479c
sfi-move,0x593e481c,0x593e481c
sfi-move,0x593e48b4,0x593e48b4
sfi-move,0x593e4944,0x593e4944
sfi-move,0x593e49c4,0x593e49c4
sfi-move,0x593e4a44,0x593e4a44
sfi-move,0x593e4ac4,0x593e4ac4
sfi-move,0x593e4b44,0x593e4b44
sfi-move,0x593e4bc4,0x593e4bc4
sfi-move,0x593e4c44,0x593e4c44
sfi-move,0x593e4cc4,0x593e4cc4
sfi-move,0x593e4d50,0x593e4d50
sfi-move,0x593e4df0,0x593e4df0
sfi-move,0x593e4e70,0x593e4e70
sfi-move,0x593e4ef0,0x593e4ef0
sfi-move,0x593e511c,0x593e511c
sfi-move,0x593e52b4,0x593e52b4
sfi-move,0x593e5334,0x593e5334
sfi-move,0x593e53f8,0x593e53f8
sfi-move,0x593e5484,0x593e5484
sfi-move,0x593e575c,0x593e5700
sfi-move,0x593e57b8,0x593e575c
sfi-move,0x593e5814,0x593e57b8
sfi-move,0x593e5870,0x593e5814
sfi-move,0x593e58cc,0x593e5870
sfi-move,0x593e5928,0x593e58cc
sfi-move,0x593e5984,0x593e5928
sfi-move,0x593e59e0,0x593e5984
sfi-move,0x593e5a3c,0x593e59e0
sfi-move,0x593e5a98,0x593e5a3c
sfi-move,0x593e5af4,0x593e5a98
sfi-move,0x593e5b50,0x593e5af4
sfi-move,0x593e5bac,0x593e5b50
sfi-move,0x593e5c08,0x593e5bac
sfi-move,0x593e5c64,0x593e5c08
sfi-move,0x593e5cc0,0x593e5c64
sfi-move,0x593e5d1c,0x593e5cc0
sfi-move,0x593e5d78,0x593e5d1c
sfi-move,0x593e5dd4,0x593e5d78
sfi-move,0x593e5e30,0x593e5dd4
sfi-move,0x593e5e8c,0x593e5e30
sfi-move,0x593e5ee8,0x593e5e8c
sfi-move,0x593e5f44,0x593e5ee8
sfi-move,0x593e5fa0,0x593e5f44
sfi-move,0x593e6020,0x593e5fa0
sfi-move,0x593e607c,0x593e6020
sfi-move,0x593e60d8,0x593e607c
sfi-move,0x593e6134,0x593e60d8
sfi-move,0x593e6190,0x593e6134
sfi-move,0x593e61ec,0x593e6190
sfi-move,0x593e6248,0x593e61ec
sfi-move,0x593e62a4,0x593e6248
sfi-move,0x593e6300,0x593e62a4
sfi-move,0x593e635c,0x593e6300
sfi-move,0x593e63b8,0x593e635c
sfi-move,0x593e6414,0x593e63b8
sfi-move,0x593e6470,0x593e6414
sfi-move,0x593e64cc,0x593e6470
sfi-move,0x593e6528,0x593e64cc
sfi-move,0x593e6584,0x593e6528
sfi-move,0x593e65e0,0x593e6584
sfi-move,0x593e663c,0x593e65e0
sfi-move,0x593e6698,0x593e663c
sfi-move,0x593e66f4,0x593e6698
sfi-move,0x593e6750,0x593e66f4
sfi-move,0x593e67ac,0x593e6750
sfi-move,0x593e682c,0x593e67d0
sfi-move,0x593e79d0,0x593e771c
sfi-move,0x593e7a2c,0x593e7778
sfi-move,0x593e7a88,0x593e77d4
sfi-move,0x593e7ae4,0x593e7830
sfi-move,0x593e7b40,0x593e788c
sfi-move,0x593e7b9c,0x593e78e8
sfi-move,0x593e7bf8,0x593e7944
sfi-move,0x593e7c54,0x593e79a0
sfi-move,0x593e7cb0,0x593e79fc
sfi-move,0x593e7d0c,0x593e7a58
sfi-move,0x593e7d68,0x593e7ab4
sfi-move,0x593e7dc4,0x593e7b10
sfi-move,0x593e7e20,0x593e7b6c
sfi-move,0x593e7e7c,0x593e7bc8
sfi-move,0x593e7ed8,0x593e7c24
sfi-move,0x593e7f34,0x593e7c80
sfi-move,0x593e7f90,0x593e7cdc
sfi-move,0x593e8020,0x593e7d38
sfi-move,0x593e807c,0x593e7d94
sfi-move,0x593e80d8,0x593e7df0
sfi-move,0x593e8134,0x593e7e4c
sfi-move,0x593e8190,0x593e7ea8
sfi-move,0x593e81ec,0x593e7f04
sfi-move,0x593e8248,0x593e7f60
sfi-move,0x593e82a4,0x593e8020
sfi-move,0x593e8300,0x593e807c
sfi-move,0x593e835c,0x593e80d8
sfi-move,0x593e83b8,0x593e8134
sfi-move,0x593e8414,0x593e8190
sfi-move,0x593e8470,0x593e81ec
sfi-move,0x593e84cc,0x593e8248
sfi-move,0x593e8528,0x593e82a4
sfi-move,0x593e8584,0x593e8300
sfi-move,0x593e85e0,0x593e835c
sfi-move,0x593e863c,0x593e83b8
sfi-move,0x593e8698,0x593e8414
sfi-move,0x593e86f4,0x593e8470
sfi-move,0x593e8750,0x593e84cc
sfi-move,0x593e87ac,0x593e8528
sfi-move,0x593e8808,0x593e8584
sfi-move,0x593e8864,0x593e85e0
sfi-move,0x593e88c0,0x593e863c
sfi-move,0x593e891c,0x593e8698
sfi-move,0x593e8978,0x593e86f4
sfi-move,0x593e89d4,0x593e8750
sfi-move,0x593e8a30,0x593e87ac
sfi-move,0x593e8a8c,0x593e8808
sfi-move,0x593e8ae8,0x593e8864
sfi-move,0x593e8b44,0x593e88c0
sfi-move,0x593e8ba0,0x593e891c
sfi-move,0x593e8bfc,0x593e8978
sfi-move,0x593e8c58,0x593e89d4
sfi-move,0x593e8cb4,0x593e8a30
sfi-move,0x593e8d10,0x593e8a8c
sfi-move,0x593e8d6c,0x593e8ae8
sfi-move,0x593e8dc8,0x593e8b44
sfi-move,0x593e8e24,0x593e8ba0
sfi-move,0x593e8e80,0x593e8bfc
sfi-move,0x593e8edc,0x593e8c58
sfi-move,0x593e8f38,0x593e8cb4
sfi-move,0x593e8f94,0x593e8d10
sfi-move,0x593e8ff0,0x593e8d6c
sfi-move,0x593e904c,0x593e8dc8
sfi-move,0x593e90a8,0x593e8e24
sfi-move,0x593e9104,0x593e8e80
sfi-move,0x593e9160,0x593e8edc
sfi-move,0x593e91bc,0x593e8f38
sfi-move,0x593e9218,0x593e8f94
sfi-move,0x593e9274,0x593e8ff0
sfi-move,0x593e92d0,0x593e904c
sfi-move,0x593e932c,0x593e90a8
sfi-move,0x593e9388,0x593e9104
sfi-move,0x593e93e4,0x593e9160
sfi-move,0x593e9440,0x593e91bc
sfi-move,0x593e949c,0x593e9218
sfi-move,0x593e94f8,0x593e9274
sfi-move,0x593e9554,0x593e92d0
sfi-move,0x593e95b0,0x593e932c
sfi-move,0x593e960c,0x593e9388
sfi-move,0x593e9668,0x593e93e4
sfi-move,0x593e96c4,0x593e9440
sfi-move,0x593e9720,0x593e949c
sfi-move,0x593e977c,0x593e94f8
sfi-move,0x593e97d8,0x593e9554
sfi-move,0x593e9834,0x593e95b0
sfi-move,0x593e9890,0x593e960c
sfi-move,0x593e98ec,0x593e9668
sfi-move,0x593e9948,0x593e96c4
sfi-move,0x593e99a4,0x593e9720
sfi-move,0x593e9a00,0x593e977c
sfi-move,0x593e9a80,0x593e97fc
sfi-move,0x593eab94,0x593ea7a8
sfi-move,0x593eabf0,0x593ea804
sfi-move,0x593eac4c,0x593ea860
sfi-move,0x593eaca8,0x593ea8bc
sfi-move,0x593ead04,0x593ea918
sfi-move,0x593ead60,0x593ea974
sfi-move,0x593eadbc,0x593ea9d0
sfi-move,0x593eae18,0x593eaa2c
sfi-move,0x593eae74,0x593eaa88
sfi-move,0x593eaed0,0x593eaae4
sfi-move,0x593eaf2c,0x593eab40
sfi-move,0x593eaf88,0x593eab9c
sfi-move,0x593eafe4,0x593eabf8
sfi-move,0x593eb040,0x593eac54
sfi-move,0x593eb09c,0x593eacb0
sfi-move,0x593eb0f8,0x593ead0c
sfi-move,0x593eb154,0x593ead68
sfi-move,0x593eb1b0,0x593eadc4
sfi-move,0x593eb20c,0x593eae20
sfi-move,0x593eb268,0x593eae7c
sfi-move,0x593eb2c4,0x593eaed8
sfi-move,0x593eb320,0x593eaf34
sfi-move,0x593eb37c,0x593eaf90
sfi-move,0x593eb3d8,0x593eafec
sfi-move,0x593eb434,0x593eb048
sfi-move,0x593eb490,0x593eb0a4
sfi-move,0x593eb4ec,0x593eb100
sfi-move,0x593eb548,0x593eb15c
sfi-move,0x593eb5a4,0x593eb1b8
sfi-move,0x593eb600,0x593eb214
sfi-move,0x593eb65c,0x593eb270
sfi-move,0x593eb6b8,0x593eb2cc
sfi-move,0x593eb714,0x593eb328
sfi-move,0x593eb770,0x593eb384
sfi-move,0x593eb7cc,0x593eb3e0
sfi-move,0x593eb84c,0x593eb460
sfi-move,0x593ebf68,0x593ebb58
sfi-move,0x593ec020,0x593ebbe0
sfi-move,0x593ec0a0,0x593ebc60
sfi-move,0x593ec120,0x593ebce0
sfi-move,0x593ec1a0,0x593ebd60
sfi-move,0x593ec220,0x593ebde0
sfi-move,0x593ec2a0,0x593ebe60
sfi-move,0x593ec320,0x593ebee0
sfi-move,0x593ec718,0x593ec1c4
sfi-move,0x593ec774,0x593ec220
sfi-move,0x593ec7d0,0x593ec27c
sfi-move,0x593ec82c,0x593ec2d8
sfi-move,0x593ec888,0x593ec334
sfi-move,0x593ec8e4,0x593ec390
sfi-move,0x593ec940,0x593ec3ec
sfi-move,0x593ec99c,0x593ec448
sfi-move,0x593ec9f8,0x593ec4a4
sfi-move,0x593eca54,0x593ec500
sfi-move,0x593ecab0,0x593ec55c
sfi-move,0x593ecb0c,0x593ec5b8
sfi-move,0x593ecb68,0x593ec614
sfi-move,0x593ecbc4,0x593ec670
sfi-move,0x593ecc20,0x593ec6cc
sfi-move,0x593ecc7c,0x593ec728
sfi-move,0x593eccd8,0x593ec784
sfi-move,0x593ecd34,0x593ec7e0
sfi-move,0x593ecd90,0x593ec83c
sfi-move,0x593ecdec,0x593ec898
sfi-move,0x593ece48,0x593ec8f4
sfi-move,0x593ecea4,0x593ec950
sfi-move,0x593ecf00,0x593ec9ac
sfi-move,0x593ecf5c,0x593eca08
sfi-move,0x593ecfb8,0x593eca64
sfi-move,0x593ed014,0x593ecac0
sfi-move,0x593ed070,0x593ecb1c
sfi-move,0x593ed0cc,0x593ecb78
sfi-move,0x593ed128,0x593ecbd4
sfi-move,0x593ed184,0x593ecc30
sfi-move,0x593ed1e0,0x593ecc8c
sfi-move,0x593ed23c,0x593ecce8
sfi-move,0x593ed298,0x593ecd44
sfi-move,0x593ed2f4,0x593ecda0
sfi-move,0x593ed350,0x593ecdfc
sfi-move,0x593ed3ac,0x593ece58
sfi-move,0x593ed408,0x593eceb4
sfi-move,0x593ed464,0x593ecf10
sfi-move,0x593ed4c0,0x593ecf6c
sfi-move,0x593ed51c,0x593ecfc8
sfi-move,0x593ed578,0x593ed024
sfi-move,0x593ed5d4,0x593ed080
sfi-move,0x593ed630,0x593ed0dc
sfi-move,0x593ed68c,0x593ed138
sfi-move,0x593ed6e8,0x593ed194
sfi-move,0x593ed744,0x593ed1f0
sfi-move,0x593ed7a0,0x593ed24c
sfi-move,0x593ed7fc,0x593ed2a8
sfi-move,0x593ed858,0x593ed304
sfi-move,0x593ed8d8,0x593ed384
sfi-move,0x593ee330,0x593edce0
sfi-move,0x593ee38c,0x593edd3c
sfi-move,0x593ee3e8,0x593edd98
sfi-move,0x593ee444,0x593eddf4
sfi-move,0x593ee4a0,0x593ede50
sfi-move,0x593ee4fc,0x593edeac
sfi-move,0x593ee558,0x593edf08
sfi-move,0x593ee5b4,0x593edf64
sfi-move,0x593ee610,0x593ee020
sfi-move,0x593ee66c,0x593ee07c
sfi-move,0x593ee6c8,0x593ee0d8
sfi-move,0x593ee724,0x593ee134
sfi-move,0x593ee780,0x593ee190
sfi-move,0x593ee7dc,0x593ee1ec
sfi-move,0x593ee838,0x593ee248
sfi-move,0x593ee894,0x593ee2a4
sfi-move,0x593ee8f0,0x593ee300
sfi-move,0x593ee94c,0x593ee35c
sfi-move,0x593ee9a8,0x593ee3b8
sfi-move,0x593eea28,0x593ee438
sfi-move,0x593eee94,0x593ee880
sfi-move,0x593eeef0,0x593ee8dc
sfi-move,0x593eef4c,0x593ee938
sfi-move,0x593eefa8,0x593ee994
sfi-move,0x593ef004,0x593ee9f0
sfi-move,0x593ef060,0x593eea4c
sfi-move,0x593ef0bc,0x593eeaa8
sfi-move,0x593ef118,0x593eeb04
sfi-move,0x593ef174,0x593eeb60
sfi-move,0x593ef1d0,0x593eebbc
sfi-move,0x593ef22c,0x593eec18
sfi-move,0x593ef288,0x593eec74
sfi-move,0x593ef2e4,0x593eecd0
sfi-move,0x593ef340,0x593eed2c
sfi-move,0x593ef39c,0x593eed88
sfi-move,0x593ef3f8,0x593eede4
sfi-move,0x593ef454,0x593eee40
sfi-move,0x593ef4b0,0x593eee9c
sfi-move,0x593ef50c,0x593eeef8
sfi-move,0x593ef568,0x593eef54
sfi-move,0x593ef5e8,0x593eefd4
sfi-move,0x593f0cc8,0x593ef568
sfi-move,0x593f0d24,0x593ef5c4
sfi-move,0x593f0d80,0x593ef620
sfi-move,0x593f0ddc,0x593ef67c
sfi-move,0x593f0e38,0x593ef6d8
sfi-move,0x593f0e94,0x593ef734
sfi-move,0x593f0ef0,0x593ef790
sfi-move,0x593f0f4c,0x593ef7ec
sfi-move,0x593f0fa8,0x593ef848
sfi-move,0x593f1004,0x593ef8a4
sfi-move,0x593f1060,0x593ef900
sfi-move,0x593f10bc,0x593ef95c
sfi-move,0x593f1118,0x593ef9b8
sfi-move,0x593f1174,0x593efa14
sfi-move,0x593f11d0,0x593efa70
sfi-move,0x593f122c,0x593efacc
sfi-move,0x593f1288,0x593efb28
sfi-move,0x593f12e4,0x593efb84
sfi-move,0x593f1340,0x593efbe0
sfi-move,0x593f139c,0x593efc3c
sfi-move,0x593f13f8,0x593efc98
sfi-move,0x593f1454,0x593efcf4
sfi-move,0x593f14b0,0x593efd50
sfi-move,0x593f150c,0x593efdac
sfi-move,0x593f1568,0x593efe08
sfi-move,0x593f15c4,0x593efe64
sfi-move,0x593f1620,0x593efec0
sfi-move,0x593f167c,0x593eff1c
sfi-move,0x593f16d8,0x593eff78
sfi-move,0x593f1734,0x593f0020
sfi-move,0x593f1790,0x593f007c
sfi-move,0x593f17ec,0x593f00d8
sfi-move,0x593f1848,0x593f0134
sfi-move,0x593f18a4,0x593f0190
sfi-move,0x593f1900,0x593f01ec
sfi-move,0x593f195c,0x593f0248
sfi-move,0x593f19b8,0x593f02a4
sfi-move,0x593f1a14,0x593f0300
sfi-move,0x593f1a70,0x593f035c
sfi-move,0x593f1acc,0x593f03b8
sfi-move,0x593f1b28,0x593f0414
sfi-move,0x593f1b84,0x593f0470
sfi-move,0x593f1be0,0x593f04cc
sfi-move,0x593f1c3c,0x593f0528
sfi-move,0x593f1c98,0x593f0584
sfi-move,0x593f1cf4,0x593f05e0
sfi-move,0x593f1d50,0x593f063c
sfi-move,0x593f1dac,0x593f0698
sfi-move,0x593f1e08,0x593f06f4
sfi-move,0x593f1e64,0x593f0750
sfi-move,0x593f1ec0,0x593f07ac
sfi-move,0x593f1f1c,0x593f0808
sfi-move,0x593f1f78,0x593f0864
sfi-move,0x593f2020,0x593f08c0
sfi-move,0x593f20a0,0x593f0940
sfi-move,0x593f2af0,0x593f1354
sfi-move,0x593f2b4c,0x593f13b0
sfi-move,0x593f2ba8,0x593f140c
sfi-move,0x593f2c04,0x593f1468
sfi-move,0x593f2c60,0x593f14c4
sfi-move,0x593f2cbc,0x593f1520
sfi-move,0x593f2d18,0x593f157c
sfi-move,0x593f2d74,0x593f15d8
sfi-move,0x593f2e14,0x593f1678
sfi-move,0x593f2e94,0x593f16f8
sfi-move,0x593f2f14,0x593f1778
sfi-move,0x593f2fc8,0x593f182c
sfi-move,0x593f3104,0x593f195c
sfi-move,0x593f3184,0x593f19dc
sfi-move,0x593f36d4,0x593f1efc
sfi-move,0x593f3730,0x593f1f58
sfi-move,0x593f378c,0x593f2020
sfi-move,0x593f37e8,0x593f207c
sfi-move,0x593f3864,0x593f20f8
sfi-move,0x593f3e24,0x593f2670
sfi-move,0x593f3e80,0x593f26cc
sfi-move,0x593f3edc,0x593f2728
sfi-move,0x593f3f38,0x593f2784
sfi-move,0x593f3f94,0x593f27e0
sfi-move,0x593f4020,0x593f283c
sfi-move,0x593f407c,0x593f2898
sfi-move,0x593f40d8,0x593f28f4
sfi-move,0x593f4134,0x593f2950
sfi-move,0x593f4190,0x593f29ac
sfi-move,0x593f41ec,0x593f2a08
sfi-move,0x593f4248,0x593f2a64
sfi-move,0x593f42a4,0x593f2ac0
sfi-move,0x593f4300,0x593f2b1c
sfi-move,0x593f435c,0x593f2b78
sfi-move,0x593f43b8,0x593f2bd4
sfi-move,0x593f4414,0x593f2c30
sfi-move,0x593f4470,0x593f2c8c
sfi-move,0x593f44cc,0x593f2ce8
sfi-move,0x593f4528,0x593f2d44
sfi-move,0x593f4584,0x593f2da0
sfi-move,0x593f45e0,0x593f2dfc
sfi-move,0x593f463c,0x593f2e58
sfi-move,0x593f4698,0x593f2eb4
sfi-move,0x593f46f4,0x593f2f10
sfi-move,0x593f4750,0x593f2f6c
sfi-move,0x593f47ac,0x593f2fc8
sfi-move,0x593f4808,0x593f3024
sfi-move,0x593f4864,0x593f3080
sfi-move,0x593f48c0,0x593f30dc
sfi-move,0x593f491c,0x593f3138
sfi-move,0x593f4978,0x593f3194
sfi-move,0x593f49d4,0x593f31f0
sfi-move,0x593f4a30,0x593f324c
sfi-move,0x593f4a8c,0x593f32a8
sfi-move,0x593f4ae8,0x593f3304
sfi-move,0x593f4b44,0x593f3360
sfi-move,0x593f4ba0,0x593f33bc
sfi-move,0x593f4bfc,0x593f3418
sfi-move,0x593f4c58,0x593f3474
sfi-move,0x593f4cb4,0x593f34d0
sfi-move,0x593f4d10,0x593f352c
sfi-move,0x593f4d6c,0x593f3588
sfi-move,0x593f4dc8,0x593f35e4
sfi-move,0x593f4e24,0x593f3640
sfi-move,0x593f4e80,0x593f369c
sfi-move,0x593f4edc,0x593f36f8
sfi-move,0x593f4f38,0x593f3754
sfi-move,0x593f4f94,0x593f37b0
sfi-move,0x593f4ff0,0x593f380c
sfi-move,0x593f504c,0x593f3868
sfi-move,0x593f50a8,0x593f38c4
sfi-move,0x593f5104,0x593f3920
sfi-move,0x593f5160,0x593f397c
sfi-move,0x593f51bc,0x593f39d8
sfi-move,0x593f5218,0x593f3a34
sfi-move,0x593f5274,0x593f3a90
sfi-move,0x593f52d0,0x593f3aec
sfi-move,0x593f532c,0x593f3b48
sfi-move,0x593f5388,0x593f3ba4
sfi-move,0x593f53e4,0x593f3c00
sfi-move,0x593f5440,0x593f3c5c
sfi-move,0x593f549c,0x593f3cb8
sfi-move,0x593f54f8,0x593f3d14
sfi-move,0x593f5554,0x593f3d70
sfi-move,0x593f55b0,0x593f3dcc
sfi-move,0x593f560c,0x593f3e28
sfi-move,0x593f5668,0x593f3e84
sfi-move,0x593f56c4,0x593f3ee0
sfi-move,0x593f5720,0x593f3f3c
sfi-move,0x593f577c,0x593f3f98
sfi-move,0x593f57d8,0x593f4020
sfi-move,0x593f5834,0x593f407c
sfi-move,0x593f5890,0x593f40d8
sfi-move,0x593f58ec,0x593f4134
sfi-move,0x593f5948,0x593f4190
sfi-move,0x593f59a4,0x593f41ec
sfi-move,0x593f5a00,0x593f4248
sfi-move,0x593f5a5c,0x593f42a4
sfi-move,0x593f5ab8,0x593f4300
sfi-move,0x593f5b14,0x593f435c
sfi-move,0x593f5b70,0x593f43b8
sfi-move,0x593f5bf0,0x593f4438
sfi-move,0x593f6a7c,0x593f51a0
sfi-move,0x593f6ad8,0x593f51fc
sfi-move,0x593f6b34,0x593f5258
sfi-move,0x593f6b90,0x593f52b4
sfi-move,0x593f6bec,0x593f5310
sfi-move,0x593f6c48,0x593f536c
sfi-move,0x593f6ca4,0x593f53c8
sfi-move,0x593f6d00,0x593f5424
sfi-move,0x593f6d5c,0x593f5480
sfi-move,0x593f6db8,0x593f54dc
sfi-move,0x593f6e14,0x593f5538
sfi-move,0x593f6e70,0x593f5594
sfi-move,0x593f6ecc,0x593f55f0
sfi-move,0x593f6f28,0x593f564c
sfi-move,0x593f6f84,0x593f56a8
sfi-move,0x593f7004,0x593f5728
sfi-move,0x593f7318,0x593f5a18
sfi-move,0x593f7398,0x593f5a98
sfi-move,0x593f7414,0x593f5b14
sfi-move,0x593f7494,0x593f5b94
sfi-move,0x593f7514,0x593f5c14
sfi-move,0x593f76fc,0x593f5dfc
sfi-move,0x593f78cc,0x593f6020
sfi-move,0x593f7928,0x593f607c
sfi-move,0x593f7984,0x593f60d8
sfi-move,0x593f79e0,0x593f6134
sfi-move,0x593f7a3c,0x593f6190
sfi-move,0x593f7a98,0x593f61ec
sfi-move,0x593f7af4,0x593f6248
sfi-move,0x593f7b50,0x593f62a4
sfi-move,0x593f7bac,0x593f6300
sfi-move,0x593f7c08,0x593f635c
sfi-move,0x593f7c88,0x593f63dc
sfi-move,0x593f7eb0,0x593f65e0
sfi-move,0x593f7f30,0x593f6660
code-move,0x505d0020,0x505d0020
code-move,0x505d0160,0x505d0160
code-move,0x505d02a0,0x505d02a0
code-move,0x505d02e0,0x505d02e0
code-move,0x505d0320,0x505d0320
code-move,0x505d0360,0x505d0360
code-move,0x505d03a0,0x505d03a0
code-move,0x505d03e0,0x505d03e0
code-move,0x505d0420,0x505d0420
code-move,0x505d0460,0x505d0460
code-move,0x505d04a0,0x505d04a0
code-move,0x505d04e0,0x505d04e0
code-move,0x505d0520,0x505d0520
code-move,0x505d0560,0x505d0560
code-move,0x505d05a0,0x505d05a0
code-move,0x505d05e0,0x505d05e0
code-move,0x505d0620,0x505d0620
code-move,0x505d0660,0x505d0660
code-move,0x505d06a0,0x505d06a0
code-move,0x505d0780,0x505d0780
code-move,0x505d0800,0x505d0800
code-move,0x505d0a80,0x505d0a80
code-move,0x505d0cc0,0x505d0cc0
code-move,0x505d0ec0,0x505d0ec0
code-move,0x505d0fa0,0x505d0fa0
code-move,0x505d1060,0x505d1060
code-move,0x505d10e0,0x505d10e0
code-move,0x505d1160,0x505d1160
code-move,0x505d1200,0x505d1200
code-move,0x505d12a0,0x505d12a0
code-move,0x505d1320,0x505d1320
code-move,0x505d1380,0x505d1380
code-move,0x505d13c0,0x505d13c0
code-move,0x505d1400,0x505d1400
code-move,0x505d1440,0x505d1440
code-move,0x505d14a0,0x505d14a0
code-move,0x505d14e0,0x505d14e0
code-move,0x505d1520,0x505d1520
code-move,0x505d1560,0x505d1560
code-move,0x505d15c0,0x505d15c0
code-move,0x505d1620,0x505d1620
code-move,0x505d18c0,0x505d18c0
code-move,0x505d1a20,0x505d1a20
code-move,0x505d1a80,0x505d1a80
code-move,0x505d1ae0,0x505d1ae0
code-move,0x505d1b80,0x505d1b80
code-move,0x505d1c20,0x505d1c20
code-move,0x505d1d40,0x505d1d40
code-move,0x505d1d80,0x505d1d80
code-move,0x505d1dc0,0x505d1dc0
code-move,0x505d1e60,0x505d1e60
code-move,0x505d2020,0x505d2020
code-move,0x505d2380,0x505d2380
code-move,0x505d2640,0x505d2640
code-move,0x505d26c0,0x505d26c0
code-move,0x505d27e0,0x505d27e0
code-move,0x505d2840,0x505d2840
code-move,0x505d28e0,0x505d28e0
code-move,0x505d2a80,0x505d2a80
code-move,0x505d2ba0,0x505d2ba0
code-move,0x505d2c00,0x505d2c00
code-move,0x505d2c60,0x505d2c60
code-move,0x505d2d00,0x505d2d00
code-move,0x505d2ea0,0x505d2ea0
code-move,0x505d2fc0,0x505d2fc0
code-move,0x505d3020,0x505d3020
code-move,0x505d3060,0x505d3060
code-move,0x505d31a0,0x505d31a0
code-move,0x505d31e0,0x505d31e0
code-move,0x505d3320,0x505d3320
code-move,0x505d34a0,0x505d34a0
code-move,0x505d36a0,0x505d36a0
code-move,0x505d38e0,0x505d38e0
code-move,0x505d3b40,0x505d3b40
code-move,0x505d3da0,0x505d3da0
code-move,0x505d3f60,0x505d3f60
code-move,0x505d4020,0x505d4020
code-move,0x505d4320,0x505d4320
code-move,0x505d43a0,0x505d43a0
code-move,0x505d4420,0x505d4420
code-move,0x505d44a0,0x505d44a0
code-move,0x505d4520,0x505d4520
code-move,0x505d45a0,0x505d45a0
code-move,0x505d4620,0x505d4620
code-move,0x505d46a0,0x505d46a0
code-move,0x505d4720,0x505d4720
code-move,0x505d4780,0x505d4780
code-move,0x505d47e0,0x505d47e0
code-move,0x505d4820,0x505d4820
code-move,0x505d4ba0,0x505d4ba0
code-move,0x505d4c80,0x505d4c80
code-move,0x505d4d60,0x505d4d60
code-move,0x505d55e0,0x505d55e0
code-move,0x505d5780,0x505d5780
code-move,0x505d5860,0x505d5860
code-move,0x505d5900,0x505d5900
code-move,0x505d5dc0,0x505d5dc0
code-move,0x505d5f20,0x505d5ea0
code-move,0x505d6020,0x505d6020
code-move,0x505d6500,0x505d6500
code-move,0x505d6820,0x505d6820
code-move,0x505d6960,0x505d6960
code-move,0x505d6aa0,0x505d6aa0
code-move,0x505d6be0,0x505d6be0
code-move,0x505d6d20,0x505d6d20
code-move,0x505d6e60,0x505d6e60
code-move,0x505d7040,0x505d7040
code-move,0x505d7180,0x505d7180
code-move,0x505d7280,0x505d7280
code-move,0x505d7380,0x505d7380
code-move,0x505d74c0,0x505d74c0
code-move,0x505d76a0,0x505d76a0
code-move,0x505d77e0,0x505d77e0
code-move,0x505d78e0,0x505d78e0
code-move,0x505d79c0,0x505d79c0
code-move,0x505d7a20,0x505d7a20
code-move,0x505d7c80,0x505d7c80
code-move,0x505d7d20,0x505d7d20
code-move,0x505d7e00,0x505d7e00
code-move,0x505d8020,0x505d8020
code-move,0x505d8340,0x505d8340
code-move,0x505d83e0,0x505d83e0
code-move,0x505d84e0,0x505d84e0
code-move,0x505d86a0,0x505d86a0
code-move,0x505d88c0,0x505d88c0
code-move,0x505d8ae0,0x505d8ae0
code-move,0x505d8b40,0x505d8b40
code-move,0x505d8be0,0x505d8be0
code-move,0x505d8d40,0x505d8d40
code-move,0x505d8e00,0x505d8e00
code-move,0x505d8ee0,0x505d8ee0
code-move,0x505d9260,0x505d9260
code-move,0x505d9300,0x505d9300
code-move,0x505d93a0,0x505d93a0
code-move,0x505d9440,0x505d9440
code-move,0x505d9520,0x505d9520
code-move,0x505d97c0,0x505d97c0
code-move,0x505d9a80,0x505d9a80
code-move,0x505d9b20,0x505d9b20
code-move,0x505d9bc0,0x505d9bc0
code-move,0x505d9c60,0x505d9c60
code-move,0x505d9d20,0x505d9d20
code-move,0x505d9ea0,0x505d9e00
code-move,0x505da020,0x505da020
code-move,0x505da600,0x505da600
code-move,0x505da6e0,0x505da6e0
code-move,0x505da7c0,0x505da7c0
code-move,0x505da8a0,0x505da8a0
code-move,0x505da980,0x505da980
code-move,0x505daa60,0x505daa60
code-move,0x505db5a0,0x505db5a0
code-move,0x505db680,0x505db680
code-move,0x505db760,0x505db760
code-move,0x505dba20,0x505dba20
code-move,0x505dbb00,0x505dbb00
code-move,0x505dbbe0,0x505dbbe0
code-move,0x505dbc40,0x505dbc40
code-move,0x505dbca0,0x505dbca0
code-move,0x505dc020,0x505dc020
code-move,0x505dc0c0,0x505dc0c0
code-move,0x505dc160,0x505dc160
code-move,0x505dc200,0x505dc200
code-move,0x505dc2e0,0x505dc280
code-move,0x505dc380,0x505dc320
code-move,0x505dc460,0x505dc400
code-move,0x505dc5c0,0x505dc560
code-move,0x505dc6a0,0x505dc640
code-move,0x505dc920,0x505dc820
code-move,0x505dca00,0x505dc900
code-move,0x505dcae0,0x505dc9e0
code-move,0x505dcb40,0x505dca40
code-move,0x505dcba0,0x505dcaa0
code-move,0x505dd040,0x505dcf40
code-move,0x505dd0c0,0x505dcfc0
code-move,0x505dd160,0x505dd060
code-move,0x505dd300,0x505dd200
code-move,0x505dd3e0,0x505dd2e0
code-move,0x505dd4c0,0x505dd3c0
code-move,0x505dd9c0,0x505dd8c0
code-move,0x505ddaa0,0x505dd9a0
code-move,0x505ddb80,0x505dda80
code-move,0x505ddc60,0x505ddb60
code-move,0x505dddc0,0x505ddcc0
code-move,0x505de020,0x505ddda0
code-move,0x505de1a0,0x505ddf20
code-move,0x505de240,0x505de020
code-move,0x505de440,0x505de220
code-move,0x505de920,0x505de700
code-move,0x505dea00,0x505de7e0
code-move,0x505def40,0x505ded20
code-move,0x505df0a0,0x505dee80
code-move,0x505df1e0,0x505defc0
code-move,0x505df320,0x505df100
code-move,0x505df3e0,0x505df1c0
code-move,0x505df4c0,0x505df2a0
code-move,0x505df5a0,0x505df380
code-move,0x505df680,0x505df460
code-move,0x505df760,0x505df540
code-move,0x505e0020,0x505e0020
code-move,0x505e0ce0,0x505e0ce0
code-move,0x505e0dc0,0x505e0dc0
code-move,0x505e0ea0,0x505e0ea0
code-move,0x505e1100,0x505e1100
code-move,0x505e1180,0x505e1180
code-move,0x505e1400,0x505e1260
code-move,0x505e14e0,0x505e1340
code-move,0x505e1600,0x505e1460
code-move,0x505e16e0,0x505e1540
code-move,0x505e17a0,0x505e1600
code-move,0x505e1c00,0x505e1a60
code-move,0x505e1dc0,0x505e1c20
code-move,0x505e2020,0x505e2020
code-move,0x505e27a0,0x505e27a0
code-move,0x505e28e0,0x505e2880
code-move,0x505e2a40,0x505e2960
code-move,0x505e2b80,0x505e2aa0
code-move,0x505e2d60,0x505e2c80
code-move,0x505e3060,0x505e2f80
code-move,0x505e30e0,0x505e3000
code-move,0x505e31c0,0x505e30e0
code-move,0x505e38a0,0x505e37c0
code-move,0x505e3980,0x505e38a0
code-move,0x505e3a60,0x505e3980
code-move,0x505e3b40,0x505e3a60
code-move,0x505e3c20,0x505e3b40
code-move,0x505e3f20,0x505e3e40
code-move,0x505e4020,0x505e4020
code-move,0x505e4c60,0x505e4c60
code-move,0x505e4d40,0x505e4d40
code-move,0x505e4e20,0x505e4e20
code-move,0x505e4f00,0x505e4f00
code-move,0x505e4fe0,0x505e4fe0
code-move,0x505e50c0,0x505e50c0
code-move,0x505e5340,0x505e5340
code-move,0x505e53c0,0x505e53c0
code-move,0x505e54c0,0x505e54c0
code-move,0x505e5780,0x505e5780
code-move,0x505e6020,0x505e6020
code-move,0x505e6500,0x505e6500
code-move,0x505e65a0,0x505e65a0
code-move,0x505e6720,0x505e6660
code-move,0x505e6940,0x505e6880
code-move,0x505e6a00,0x505e6940
code-move,0x505e6c60,0x505e6ba0
code-move,0x505e6d80,0x505e6c00
code-move,0x505e6f80,0x505e6ce0
code-move,0x505e7040,0x505e6da0
code-move,0x505e71a0,0x505e6f00
code-move,0x505e7260,0x505e6fc0
code-move,0x505e73e0,0x505e7140
code-move,0x505e74e0,0x505e7240
code-move,0x505e8020,0x505e74e0
code-move,0x505e88a0,0x505e7d60
code-move,0x505e8ae0,0x505e8020
code-move,0x505e8cc0,0x505e8200
code-move,0x505e8f40,0x505e82c0
code-move,0x505e9140,0x505e8380
code-move,0x505e9200,0x505e8440
code-move,0x505e9400,0x505e8500
code-move,0x505e9600,0x505e85c0
code-move,0x505e9700,0x505e86c0
code-move,0x505e97e0,0x505e87a0
code-move,0x505e9900,0x505e88c0
code-move,0x505e99e0,0x505e89a0
code-move,0x505e9a80,0x505e8a40
code-move,0x505e9ba0,0x505e8b60
code-move,0x505e9c40,0x505e8c00
code-move,0x505e9ce0,0x505e8ca0
code-move,0x505e9e80,0x505e8d00
code-move,0x505ea020,0x505ea020
code-move,0x505ebac0,0x505ebac0
code-move,0x505ebd20,0x505ebd20
code-move,0x505ebdc0,0x505ebdc0
code-move,0x505ebe60,0x505ebe60
code-move,0x505ebee0,0x505ebee0
code-move,0x306e4020,0x306e4020
code-move,0x306e49e0,0x306e49e0
code-move,0x306e4b80,0x306e4b80
code-move,0x306e4d60,0x306e4d60
code-move,0x306e4fa0,0x306e4fa0
code-move,0x306e50a0,0x306e50a0
code-move,0x306e5180,0x306e5180
code-move,0x306e5b20,0x306e5b20
code-move,0x306e5c00,0x306e5c00
code-move,0x306e5e40,0x306e5e40
code-move,0x306e6020,0x306e6020
code-move,0x306e6100,0x306e6100
code-move,0x306e6180,0x306e6180
code-move,0x306e6260,0x306e6260
code-move,0x306e62e0,0x306e62e0
code-move,0x306e63c0,0x306e63c0
code-move,0x306e73e0,0x306e73e0
code-move,0x306e7540,0x306e7540
code-move,0x306e7620,0x306e7620
code-move,0x306e8020,0x306e8020
code-move,0x306e85e0,0x306e85e0
code-move,0x306e8680,0x306e8680
code-move,0x306e8760,0x306e8760
code-move,0x306e8960,0x306e8960
code-move,0x306e89c0,0x306e89c0
code-move,0x306e8a20,0x306e8a20
code-move,0x306e8da0,0x306e8da0
code-move,0x306e8ea0,0x306e8ea0
code-move,0x306e90e0,0x306e8f80
code-move,0x306e9220,0x306e90c0
snapshot-code-name,69096,"Stub:CompareICStub"
snapshot-pos,0x505d5860,69096
snapshot-code-name,69241,"Stub:CEntryStub"
snapshot-pos,0x25bb6020,69241
snapshot-code-name,70242,"Stub:BinaryOpStub_SAR_Alloc_Uninitialized"
snapshot-pos,0x505dbbe0,70242
snapshot-code-name,70358,"Stub:FastCloneShallowArrayStub"
snapshot-pos,0x505d9c60,70358
snapshot-code-name,70573,"Stub:CompareICStub"
snapshot-pos,0x505dc160,70573
snapshot-code-name,70761,"Stub:BinaryOpStub_BIT_OR_Alloc_Uninitialized"
snapshot-pos,0x505e8ca0,70761
snapshot-code-name,70877,"Stub:FastNewClosureStub"
snapshot-pos,0x505df100,70877
snapshot-code-name,71141,"Stub:NumberToStringStub"
snapshot-pos,0x505d9440,71141
snapshot-code-name,71390,"Stub:BinaryOpStub_ADD_OverwriteLeft_SMI"
snapshot-pos,0x505dcfc0,71390
snapshot-code-name,71652,"Stub:CompareICStub"
snapshot-pos,0x505dc020,71652
snapshot-code-name,71830,"Stub:FastCloneShallowArrayStub"
snapshot-pos,0x505d9d20,71830
snapshot-code-name,72096,"Stub:BinaryOpStub_ADD_OverwriteRight_Uninitialized"
snapshot-pos,0x306e89c0,72096
snapshot-code-name,72231,"Stub:CompareICStub"
snapshot-pos,0x505d9b20,72231
snapshot-code-name,72409,"Stub:FastCloneShallowArrayStub"
snapshot-pos,0x505e1540,72409
snapshot-code-name,72697,"Stub:FastNewContextStub"
snapshot-pos,0x505d8d40,72697
snapshot-code-name,72985,"Stub:CompareICStub"
snapshot-pos,0x505d7c80,72985
snapshot-code-name,73163,"Stub:CompareICStub"
snapshot-pos,0x505d9e00,73163
snapshot-code-name,73432,"Stub:CallFunctionStub_Args2"
snapshot-pos,0x505df1c0,73432
snapshot-code-name,73653,"Builtin:ArgumentsAdaptorTrampoline"
snapshot-pos,0x505d06a0,73653
snapshot-code-name,73954,"Stub:BinaryOpStub_ADD_Alloc_BothStrings"
snapshot-pos,0x505e6500,73954
snapshot-code-name,74099,"Stub:StringAddStub"
snapshot-pos,0x505e6020,74099
snapshot-code-name,75446,"Stub:ArgumentsAccessStub_ReadElement"
snapshot-pos,0x505d8b40,75446
snapshot-code-name,75641,"Stub:StringAddStub"
snapshot-pos,0x505d6020,75641
snapshot-code-name,76935,"Stub:StringAddStub"
snapshot-pos,0x306e8020,76935
snapshot-code-name,78578,"Stub:CompareICStub"
snapshot-pos,0x505e65a0,78578
snapshot-code-name,78848,"Stub:CompareICStub"
snapshot-pos,0x505d9bc0,78848
snapshot-code-name,79081,"Stub:JSConstructEntryStub"
snapshot-pos,0x505d0160,79081
snapshot-code-name,79438,"Stub:ToBooleanStub_None"
snapshot-pos,0x505d79c0,79438
snapshot-code-name,79582,"Stub:BinaryOpStub_BIT_OR_Alloc_SMI"
snapshot-pos,0x505ebe60,79582
snapshot-code-name,79777,"Stub:ToBooleanStub_Undefined"
snapshot-pos,0x505e6ba0,79777
snapshot-code-name,79912,"Stub:FastCloneShallowArrayStub"
snapshot-pos,0x505d7d20,79912
snapshot-code-name,80178,"Stub:BinaryOpStub_ADD_Alloc_Uninitialized"
snapshot-pos,0x505dbc40,80178
snapshot-code-name,80305,"Stub:StringAddStub"
snapshot-pos,0x306e7620,80305
snapshot-code-name,81876,"Stub:BinaryOpStub_ADD_Alloc_Strings"
snapshot-pos,0x306e85e0,81876
snapshot-code-name,82058,"Stub:BinaryOpStub_ADD_OverwriteLeft_Uninitialized"
snapshot-pos,0x505dc9e0,82058
snapshot-code-name,82265,"Stub:KeyedLoadElementStub"
snapshot-pos,0x505dc200,82265
snapshot-code-name,82373,"Builtin:KeyedLoadIC_MissForceGeneric"
snapshot-pos,0x505d13c0,82373
snapshot-code-name,82485,"Stub:CallFunctionStub_Args0"
snapshot-pos,0x505de700,82485
snapshot-code-name,82733,"Stub:BinaryOpStub_ADD_Alloc_SMI"
snapshot-pos,0x505dc280,82733
snapshot-code-name,82923,"Stub:CallFunctionStub_Args3"
snapshot-pos,0x505df2a0,82923
snapshot-code-name,83171,"Stub:ArgumentsAccessStub_NewNonStrictFast"
snapshot-pos,0x505d84e0,83171
snapshot-code-name,83646,"Stub:BinaryOpStub_SUB_Alloc_Uninitialized"
snapshot-pos,0x505d8ae0,83646
snapshot-code-name,83762,"Stub:CallFunctionStub_Args1"
snapshot-pos,0x505e4fe0,83762
snapshot-code-name,84039,"Stub:CompareStub_EQ_r1_r0"
snapshot-pos,0x306e4d60,84039
snapshot-code-name,84633,"Stub:FastCloneShallowArrayStub"
snapshot-pos,0x505d78e0,84633
snapshot-code-name,84936,"Stub:CompareStub_EQ_r1_r0_STRICT"
snapshot-pos,0x505e6660,84936
snapshot-code-name,85535,"Stub:BinaryOpStub_SAR_Alloc_SMI"
snapshot-pos,0x505dc0c0,85535
snapshot-code-name,85797,"Stub:FastNewContextStub"
snapshot-pos,0x505e6f00,85797
snapshot-code-name,86012,"Stub:CompareICStub"
snapshot-pos,0x505d9a80,86012
snapshot-code-name,86190,"Stub:ToBooleanStub_Bool"
snapshot-pos,0x505e1100,86190
snapshot-code-name,86402,"Stub:CompareICStub"
snapshot-pos,0x505ddf20,86402
snapshot-code-name,86581,"Stub:BinaryOpStub_MUL_Alloc_Uninitialized"
snapshot-pos,0x306e8960,86581
snapshot-code-name,86743,"Stub:ToNumberStub"
snapshot-pos,0x505dca40,86743
snapshot-code-name,86956,"Stub:ToBooleanStub_SpecObject"
snapshot-pos,0x505dcf40,86956
snapshot-code-name,87141,"Stub:StackCheckStub"
snapshot-pos,0x505d47e0,87141
snapshot-code-name,87244,"Stub:StringDictionaryNegativeLookupStub"
snapshot-pos,0x505d1620,87244
snapshot-code-name,87953,"Stub:CompareICStub"
snapshot-pos,0x505e8380,87953
snapshot-code-name,88168,"Stub:CompareICStub"
snapshot-pos,0x306e4fa0,88168
snapshot-code-name,88483,"Stub:StringCompareStub"
snapshot-pos,0x505d5780,88483
snapshot-code-name,88760,"Stub:JSEntryStub"
snapshot-pos,0x505d0020,88760
snapshot-code-name,89224,"CallInitialize:36"
snapshot-pos,0x505e3000,89224
snapshot-code-name,89491,"CallInitialize:2"
snapshot-pos,0x505d8e00,89491
snapshot-code-name,89737,"CallPreMonomorphic:12"
snapshot-pos,0x505dc820,89737
snapshot-code-name,89993,"CallPreMonomorphic:30"
snapshot-pos,0x505e4f00,89993
snapshot-code-name,90348,"CallInitialize:12"
snapshot-pos,0x505da7c0,90348
snapshot-code-name,90622,"CallPreMonomorphic:6"
snapshot-pos,0x505e1460,90622
snapshot-code-name,90896,"CallInitialize:10"
snapshot-pos,0x505db680,90896
snapshot-code-name,91142,"CallPreMonomorphic:92"
snapshot-pos,0x306e5b20,91142
snapshot-code-name,91416,"CallPreMonomorphic:5"
snapshot-pos,0x505e4d40,91416
snapshot-code-name,91662,"CallMiss:0"
snapshot-pos,0x505e3e40,91662
snapshot-code-name,91908,"CallInitialize:1"
snapshot-pos,0x505d4ba0,91908
snapshot-code-name,92154,"CallInitialize:92"
snapshot-pos,0x306e50a0,92154
snapshot-code-name,92410,"CallPreMonomorphic:70"
snapshot-pos,0x505e27a0,92410
snapshot-code-name,92656,"CallPreMonomorphic:10"
snapshot-pos,0x505dba20,92656
snapshot-code-name,92902,"CallPreMonomorphic:4"
snapshot-pos,0x505ddcc0,92902
snapshot-code-name,93158,"CallInitialize:6"
snapshot-pos,0x505df460,93158
snapshot-code-name,93404,"CallPreMonomorphic:38"
snapshot-pos,0x505dc900,93404
snapshot-code-name,93705,"CallMiss:3"
snapshot-pos,0x505e2880,93705
snapshot-code-name,93997,"CallPreMonomorphic:3"
snapshot-pos,0x505dbb00,93997
snapshot-code-name,94280,"CallInitialize:38"
snapshot-pos,0x505da8a0,94280
snapshot-code-name,94536,"CallMiss:2"
snapshot-pos,0x306e8ea0,94536
snapshot-code-name,94782,"CallPreMonomorphic:36"
snapshot-pos,0x505e37c0,94782
snapshot-code-name,95028,"CallInitialize:20"
snapshot-pos,0x505dd200,95028
snapshot-code-name,95293,"CallPreMonomorphic:26"
snapshot-pos,0x505dd9a0,95293
snapshot-code-name,95539,"CallInitialize:14"
snapshot-pos,0x505e3980,95539
snapshot-code-name,95785,"CallMiss:1"
snapshot-pos,0x505d5dc0,95785
snapshot-code-name,96031,"CallPreMonomorphic:8"
snapshot-pos,0x306e7540,96031
snapshot-code-name,96287,"CallInitialize:70"
snapshot-pos,0x505e1c20,96287
snapshot-code-name,96579,"CallInitialize:0"
snapshot-pos,0x505e86c0,96579
snapshot-code-name,96825,"CallPreMonomorphic:1"
snapshot-pos,0x505dc560,96825
snapshot-code-name,97071,"CallInitialize:26"
snapshot-pos,0x505dd2e0,97071
snapshot-code-name,97327,"CallPreMonomorphic:14"
snapshot-pos,0x505e4e20,97327
snapshot-code-name,97573,"CallPreMonomorphic:0"
snapshot-pos,0x505e88c0,97573
snapshot-code-name,97819,"CallInitialize:30"
snapshot-pos,0x505e3a60,97819
snapshot-code-name,98102,"CallPreMonomorphic:2"
snapshot-pos,0x505e0ce0,98102
snapshot-code-name,98348,"CallPreMonomorphic:42"
snapshot-pos,0x505e1260,98348
snapshot-code-name,98649,"CallInitialize:8"
snapshot-pos,0x306e62e0,98649
snapshot-code-name,98897,"CallMiss:1"
snapshot-pos,0x505e1180,98897
snapshot-code-name,99143,"CallInitialize:2"
snapshot-pos,0x505d4c80,99143
snapshot-code-name,99408,"CallPreMonomorphic:2"
snapshot-pos,0x306e8680,99408
snapshot-code-name,99654,"CallInitialize:3"
snapshot-pos,0x505da980,99654
snapshot-code-name,99964,"CallInitialize:1"
snapshot-pos,0x505dc320,99964
snapshot-code-name,100210,"CallPreMonomorphic:1"
snapshot-pos,0x505e0dc0,100210
snapshot-code-name,100456,"CallInitialize:5"
snapshot-pos,0x505e38a0,100456
snapshot-code-name,100702,"CallPreMonomorphic:20"
snapshot-pos,0x505dd8c0,100702
snapshot-code-name,100948,"CallInitialize:42"
snapshot-pos,0x505df380,100948
snapshot-code-name,101204,"CallInitialize:0"
snapshot-pos,0x505da6e0,101204
snapshot-code-name,101469,"CallInitialize:4"
snapshot-pos,0x505dda80,101469
snapshot-code-name,101743,"CallMiss:2"
snapshot-pos,0x505e6c00,101743
snapshot-code-name,101989,"CallPreMonomorphic:0"
snapshot-pos,0x505db5a0,101989
snapshot-code-name,124561,"Builtin:Return_DebugBreak"
snapshot-pos,0x505d4320,124561
snapshot-code-name,124700,"Builtin:Slot_DebugBreak"
snapshot-pos,0x505d46a0,124700
snapshot-code-name,124960,"Script:native v8natives.js"
snapshot-pos,0x505daa60,124960
snapshot-code-name,127592,"LazyCompile:InstallFunctions native v8natives.js:48"
snapshot-pos,0x505dbca0,127592
snapshot-code-name,128397,"Builtin:LoadIC_Initialize"
snapshot-pos,0x505d1560,128397
snapshot-code-name,128521,"Builtin:KeyedLoadIC_Initialize"
snapshot-pos,0x505d1d40,128521
snapshot-code-name,128826,"Builtin:JSConstructStubGeneric"
snapshot-pos,0x505d0a80,128826
snapshot-code-name,135880,"LazyCompile:InstallFunctionsOnHiddenPrototype native v8natives.js:67"
snapshot-pos,0x505e1340,135880
snapshot-code-name,136208,"Builtin:JSConstructCall"
snapshot-pos,0x505d0780,136208
snapshot-code-name,136517,"LazyCompile:SetUpLockedPrototype native v8natives.js:79"
snapshot-pos,0x505dcaa0,136517
snapshot-code-name,137831,"Builtin:StoreIC_Initialize"
snapshot-pos,0x505d27e0,137831
snapshot-code-name,138169,"Builtin:LazyCompile"
snapshot-pos,0x505d1060,138169
snapshot-code-name,138431,"LazyCompile:isFinite native v8natives.js:115"
snapshot-pos,0x306e4b80,138431
snapshot-code-name,139494,"LazyCompile:SetUpGlobal native v8natives.js:193"
snapshot-pos,0x505db760,139494
snapshot-code-name,140871,"LazyCompile:hasOwnProperty native v8natives.js:264"
snapshot-pos,0x505e0ea0,140871
snapshot-code-name,142803,"LazyCompile:IsAccessorDescriptor native v8natives.js:360"
snapshot-pos,0x505e87a0,142803
snapshot-code-name,143317,"LazyCompile:IsDataDescriptor native v8natives.js:367"
snapshot-pos,0x505e8a40,143317
snapshot-code-name,143831,"LazyCompile:IsGenericDescriptor native v8natives.js:374"
snapshot-pos,0x505d7e00,143831
snapshot-code-name,144265,"LazyCompile:IsInconsistentDescriptor native v8natives.js:379"
snapshot-pos,0x505e85c0,144265
snapshot-code-name,144938,"LazyCompile:ToPropertyDescriptor native v8natives.js:432"
snapshot-pos,0x505e74e0,144938
snapshot-code-name,148032,"LazyCompile:PropertyDescriptor native v8natives.js:494"
snapshot-pos,0x505e7d60,148032
snapshot-code-name,149111,"LazyCompile:ConvertDescriptorArrayToDescriptor native v8natives.js:593"
snapshot-pos,0x505e3b40,149111
snapshot-code-name,150778,"LazyCompile:DefineOwnProperty native v8natives.js:692"
snapshot-pos,0x505ea020,150778
snapshot-code-name,160796,"LazyCompile:SetUpObject native v8natives.js:1186"
snapshot-pos,0x505dd3c0,160796
snapshot-code-name,162647,"LazyCompile:SetUpBoolean native v8natives.js:1249"
snapshot-pos,0x505ddb60,162647
snapshot-code-name,163837,"LazyCompile:SetUpNumber native v8natives.js:1372"
snapshot-pos,0x505de220,163837
snapshot-code-name,165917,"LazyCompile:NewFunction native v8natives.js:1527"
snapshot-pos,0x505de7e0,165917
snapshot-code-name,167307,"Builtin:KeyedStoreIC_Initialize"
snapshot-pos,0x505d3020,167307
snapshot-code-name,167831,"LazyCompile:SetUpFunction native v8natives.js:1553"
snapshot-pos,0x505ded20,167831
snapshot-code-name,168427,"LazyCompile:$Object.constructor native v8natives.js:220"
snapshot-pos,0x505dc400,168427
snapshot-code-name,169468,"LazyCompile:$Array.enumerable_ native v8natives.js:535"
snapshot-pos,0x505e8b60,169468
snapshot-code-name,169770,"LazyCompile:$Array.writable_ native v8natives.js:538"
snapshot-pos,0x505e8200,169770
snapshot-code-name,170182,"LazyCompile:$Array.writable_ native v8natives.js:542"
snapshot-pos,0x505ebdc0,170182
snapshot-code-name,170484,"LazyCompile:$Array.writable_ native v8natives.js:545"
snapshot-pos,0x505ebd20,170484
snapshot-code-name,171023,"LazyCompile:$Array.configurable_ native v8natives.js:555"
snapshot-pos,0x505e8c00,171023
snapshot-code-name,171325,"LazyCompile:$Array.get_ native v8natives.js:558"
snapshot-pos,0x505e82c0,171325
snapshot-code-name,171720,"LazyCompile:$Array.get_ native v8natives.js:562"
snapshot-pos,0x505ebee0,171720
snapshot-code-name,172022,"LazyCompile:$Array.get_ native v8natives.js:565"
snapshot-pos,0x505d3f60,172022
snapshot-code-name,172324,"LazyCompile:$Array.set_ native v8natives.js:568"
snapshot-pos,0x505e8440,172324
snapshot-code-name,172719,"LazyCompile:$Array.set_ native v8natives.js:572"
snapshot-pos,0x505d5ea0,172719
snapshot-code-name,173021,"LazyCompile:$Array.set_ native v8natives.js:575"
snapshot-pos,0x505e89a0,173021
snapshot-code-name,173323,"LazyCompile:d native v8natives.js:578"
snapshot-pos,0x505e8500,173323
snapshot-code-name,173695,"LazyCompile:d native v8natives.js:582"
snapshot-pos,0x505d1e60,173695
snapshot-code-name,174000,"LazyCompile: native v8natives.js:585"
snapshot-pos,0x505d1dc0,174000
snapshot-code-name,174318,"LazyCompile:a native v8natives.js:1171"
snapshot-pos,0x505dd060,174318
snapshot-code-name,174938,"LazyCompile:b native v8natives.js:1264"
snapshot-pos,0x505ddda0,174938
snapshot-code-name,175724,"Script:native math.js"
snapshot-pos,0x505e2c80,175724
snapshot-code-name,176526,"LazyCompile:MathConstructor native math.js:38"
snapshot-pos,0x505e2f80,176526
snapshot-code-name,180156,"LazyCompile:SetUpMath native math.js:198"
snapshot-pos,0x505e30e0,180156
snapshot-code-name,182908,"Script:native uri.js"
snapshot-pos,0x505e2960,182908
snapshot-code-name,187078,"LazyCompile:SetUpUri native uri.js:395"
snapshot-pos,0x505e2aa0,187078
snapshot-code-name,187940,"Script:native date.js"
snapshot-pos,0x505df540,187940
snapshot-code-name,196888,"LazyCompile:TimeClip native date.js:378"
snapshot-pos,0x306e49e0,196888
snapshot-code-name,204922,"LazyCompile:SetUpDate native date.js:1051"
snapshot-pos,0x306e5180,204922
snapshot-code-name,208324,"LazyCompile:WeekDays native date.js:398"
snapshot-pos,0x306e4020,208324
snapshot-code-name,212398,"Script:native runtime.js"
snapshot-pos,0x505d4820,212398
snapshot-code-name,213311,"LazyCompile:EQUALS native runtime.js:54"
snapshot-pos,0x505d4d60,213311
snapshot-code-name,218641,"LazyCompile:STRICT_EQUALS native runtime.js:100"
snapshot-pos,0x505d55e0,218641
snapshot-code-name,219245,"LazyCompile:COMPARE native runtime.js:120"
snapshot-pos,0x505d5900,219245
snapshot-code-name,220741,"LazyCompile:ADD native runtime.js:163"
snapshot-pos,0x505d6500,220741
snapshot-code-name,221792,"LazyCompile:STRING_ADD_LEFT native runtime.js:183"
snapshot-pos,0x505d9520,221792
snapshot-code-name,222672,"LazyCompile:STRING_ADD_RIGHT native runtime.js:198"
snapshot-pos,0x505d97c0,222672
snapshot-code-name,223576,"LazyCompile:SUB native runtime.js:214"
snapshot-pos,0x505d6820,223576
snapshot-code-name,224080,"LazyCompile:MUL native runtime.js:222"
snapshot-pos,0x505d6960,224080
snapshot-code-name,224584,"LazyCompile:DIV native runtime.js:230"
snapshot-pos,0x505d6aa0,224584
snapshot-code-name,225088,"LazyCompile:MOD native runtime.js:238"
snapshot-pos,0x505d6be0,225088
snapshot-code-name,225596,"LazyCompile:BIT_OR native runtime.js:252"
snapshot-pos,0x505d6d20,225596
snapshot-code-name,226104,"LazyCompile:BIT_AND native runtime.js:260"
snapshot-pos,0x505d6e60,226104
snapshot-code-name,226788,"LazyCompile:BIT_XOR native runtime.js:282"
snapshot-pos,0x505d7040,226788
snapshot-code-name,227300,"LazyCompile:UNARY_MINUS native runtime.js:290"
snapshot-pos,0x505d7180,227300
snapshot-code-name,227725,"LazyCompile:BIT_NOT native runtime.js:297"
snapshot-pos,0x505d7280,227725
snapshot-code-name,228146,"LazyCompile:SHL native runtime.js:304"
snapshot-pos,0x505d7380,228146
snapshot-code-name,228650,"LazyCompile:SAR native runtime.js:312"
snapshot-pos,0x505d74c0,228650
snapshot-code-name,229330,"LazyCompile:SHR native runtime.js:334"
snapshot-pos,0x505d76a0,229330
snapshot-code-name,229838,"LazyCompile:DELETE native runtime.js:348"
snapshot-pos,0x505d77e0,229838
snapshot-code-name,230262,"LazyCompile:IN native runtime.js:354"
snapshot-pos,0x505d7a20,230262
snapshot-code-name,231108,"LazyCompile:INSTANCE_OF native runtime.js:367"
snapshot-pos,0x505d8020,231108
snapshot-code-name,232220,"LazyCompile:GET_KEYS native runtime.js:391"
snapshot-pos,0x505d8340,232220
snapshot-code-name,232543,"LazyCompile:FILTER_KEY native runtime.js:399"
snapshot-pos,0x505d83e0,232543
snapshot-code-name,232980,"LazyCompile:CALL_NON_FUNCTION native runtime.js:406"
snapshot-pos,0x505d86a0,232980
snapshot-code-name,233785,"LazyCompile:CALL_NON_FUNCTION_AS_CONSTRUCTOR native runtime.js:415"
snapshot-pos,0x505d88c0,233785
snapshot-code-name,234546,"LazyCompile:CALL_FUNCTION_PROXY native runtime.js:424"
snapshot-pos,0x505d8be0,234546
snapshot-code-name,235116,"LazyCompile:CALL_FUNCTION_PROXY_AS_CONSTRUCTOR native runtime.js:432"
snapshot-pos,0x505d8ee0,235116
snapshot-code-name,236323,"LazyCompile:APPLY_PREPARE native runtime.js:449"
snapshot-pos,0x505da020,236323
snapshot-code-name,238224,"LazyCompile:APPLY_OVERFLOW native runtime.js:486"
snapshot-pos,0x505da600,238224
snapshot-code-name,238611,"LazyCompile:TO_OBJECT native runtime.js:492"
snapshot-pos,0x505d9260,238611
snapshot-code-name,238930,"LazyCompile:TO_NUMBER native runtime.js:498"
snapshot-pos,0x505d9300,238930
snapshot-code-name,239249,"LazyCompile:TO_STRING native runtime.js:504"
snapshot-pos,0x505d93a0,239249
snapshot-code-name,239547,"LazyCompile:ToPrimitive native runtime.js:516"
snapshot-pos,0x306e8760,239547
snapshot-code-name,240295,"LazyCompile:ToBoolean native runtime.js:527"
snapshot-pos,0x505dc640,240295
snapshot-code-name,240949,"LazyCompile:ToNumber native runtime.js:537"
snapshot-pos,0x505de020,240949
snapshot-code-name,241734,"LazyCompile:ToString native runtime.js:560"
snapshot-pos,0x505e8020,241734
snapshot-code-name,242463,"LazyCompile:ToObject native runtime.js:577"
snapshot-pos,0x505ebac0,242463
snapshot-code-name,244293,"Script:native array.js"
snapshot-pos,0x505dee80,244293
snapshot-code-name,254035,"LazyCompile:SetUpArray native array.js:1317"
snapshot-pos,0x505e0020,254035
snapshot-code-name,257187,"Function:getFunction native array.js:1330"
snapshot-pos,0x505defc0,257187
snapshot-code-name,258643,"Script:native messages.js"
snapshot-pos,0x505e4020,258643
snapshot-code-name,267033,"LazyCompile:MakeGenericError native messages.js:107"
snapshot-pos,0x505e6da0,267033
snapshot-code-name,267984,"LazyCompile:MakeRangeError native messages.js:297"
snapshot-pos,0x505e6ce0,267984
snapshot-code-name,270678,"LazyCompile:DefineOneShotAccessor native messages.js:727"
snapshot-pos,0x505e7240,270678
snapshot-code-name,271350,"Function:getter native messages.js:733"
snapshot-pos,0x505e6fc0,271350
snapshot-code-name,271905,"Function:setter native messages.js:741"
snapshot-pos,0x505e7140,271905
snapshot-code-name,274927,"LazyCompile:captureStackTrace native messages.js:1054"
snapshot-pos,0x505e6940,274927
snapshot-code-name,275640,"Function: native messages.js:1063"
snapshot-pos,0x505e6880,275640
snapshot-code-name,276154,"LazyCompile:SetUpError native messages.js:1069"
snapshot-pos,0x505e50c0,276154
snapshot-code-name,276820,"LazyCompile:DefineError native messages.js:1072"
snapshot-pos,0x505e5780,276820
snapshot-code-name,277901,"Function:ErrorPrototype native messages.js:1088"
snapshot-pos,0x505e5340,277901
snapshot-code-name,278328,"Function: native messages.js:1104"
snapshot-pos,0x505e54c0,278328
snapshot-code-name,279119,"Function: native messages.js:1115"
snapshot-pos,0x505e53c0,279119
snapshot-code-name,281086,"LazyCompile:b native messages.js:124"
snapshot-pos,0x505e4c60,281086
snapshot-code-name,282809,"Script:native regexp.js"
snapshot-pos,0x306e5c00,282809
snapshot-code-name,285581,"LazyCompile:RegExpConstructor native regexp.js:86"
snapshot-pos,0x306e73e0,285581
snapshot-code-name,287419,"LazyCompile:RegExpMakeCaptureGetter native regexp.js:370"
snapshot-pos,0x306e8da0,287419
snapshot-code-name,287675,"Function: native regexp.js:371"
snapshot-pos,0x306e8a20,287675
snapshot-code-name,289066,"LazyCompile:SetUpRegExp native regexp.js:408"
snapshot-pos,0x306e63c0,289066
snapshot-code-name,292466,"Function:RegExpGetInput native regexp.js:428"
snapshot-pos,0x306e5e40,292466
snapshot-code-name,292901,"Function:RegExpSetInput native regexp.js:432"
snapshot-pos,0x306e6020,292901
snapshot-code-name,293304,"Function:RegExpGetMultiline native regexp.js:452"
snapshot-pos,0x306e6100,293304
snapshot-code-name,293595,"Function:RegExpSetMultiline native regexp.js:453"
snapshot-pos,0x306e6180,293595
snapshot-code-name,293982,"Function:NoOpSetter native regexp.js:461"
snapshot-pos,0x306e6260,293982
snapshot-code-name,295910,"Script:native apinatives.js"
snapshot-pos,0x505e8d00,295910
snapshot-code-name,296993,"Script:native string.js"
snapshot-pos,0x505e1600,296993
snapshot-code-name,307435,"LazyCompile:SetUpString native string.js:943"
snapshot-pos,0x505e2020,307435
snapshot-code-name,309711,"LazyCompile:b native string.js:36"
snapshot-pos,0x505e1a60,309711
snapshot-code-name,311007,"Script:native json.js"
snapshot-pos,0x306e8f80,311007
snapshot-code-name,313842,"LazyCompile:SetUpJSON native json.js:340"
snapshot-pos,0x306e90c0,313842
snapshot-code-name,316133,"Builtin:Illegal"
snapshot-pos,0x505d02a0,316133
snapshot-code-name,316207,"Builtin:EmptyFunction"
snapshot-pos,0x505d02e0,316207
snapshot-code-name,316281,"Builtin:ArrayCodeGeneric"
snapshot-pos,0x505d0320,316281
snapshot-code-name,316355,"Builtin:ArrayPush"
snapshot-pos,0x505d0360,316355
snapshot-code-name,316429,"Builtin:ArrayPop"
snapshot-pos,0x505d03a0,316429
snapshot-code-name,316503,"Builtin:ArrayShift"
snapshot-pos,0x505d03e0,316503
snapshot-code-name,316577,"Builtin:ArrayUnshift"
snapshot-pos,0x505d0420,316577
snapshot-code-name,316651,"Builtin:ArraySlice"
snapshot-pos,0x505d0460,316651
snapshot-code-name,316725,"Builtin:ArraySplice"
snapshot-pos,0x505d04a0,316725
snapshot-code-name,316799,"Builtin:ArrayConcat"
snapshot-pos,0x505d04e0,316799
snapshot-code-name,316873,"Builtin:HandleApiCall"
snapshot-pos,0x505d0520,316873
snapshot-code-name,316947,"Builtin:FastHandleApiCall"
snapshot-pos,0x505d0560,316947
snapshot-code-name,317021,"Builtin:HandleApiCallConstruct"
snapshot-pos,0x505d05a0,317021
snapshot-code-name,317095,"Builtin:HandleApiCallAsFunction"
snapshot-pos,0x505d05e0,317095
snapshot-code-name,317169,"Builtin:HandleApiCallAsConstructor"
snapshot-pos,0x505d0620,317169
snapshot-code-name,317243,"Builtin:StrictModePoisonPill"
snapshot-pos,0x505d0660,317243
snapshot-code-name,317324,"Builtin:JSConstructStubCountdown"
snapshot-pos,0x505d0800,317324
snapshot-code-name,317988,"Builtin:JSConstructStubApi"
snapshot-pos,0x505d0cc0,317988
snapshot-code-name,318517,"Builtin:JSEntryTrampoline"
snapshot-pos,0x505d0ec0,318517
snapshot-code-name,318754,"Builtin:JSConstructEntryTrampoline"
snapshot-pos,0x505d0fa0,318754
snapshot-code-name,318962,"Builtin:LazyRecompile"
snapshot-pos,0x505d10e0,318962
snapshot-code-name,319099,"Builtin:NotifyDeoptimized"
snapshot-pos,0x505d1160,319099
snapshot-code-name,319268,"Builtin:NotifyLazyDeoptimized"
snapshot-pos,0x505d1200,319268
snapshot-code-name,319437,"Builtin:NotifyOSR"
snapshot-pos,0x505d12a0,319437
snapshot-code-name,319574,"Builtin:LoadIC_Miss"
snapshot-pos,0x505d1320,319574
snapshot-code-name,319681,"Builtin:KeyedLoadIC_Miss"
snapshot-pos,0x505d1380,319681
snapshot-code-name,319758,"Builtin:KeyedLoadIC_Slow"
snapshot-pos,0x505d1400,319758
snapshot-code-name,319832,"Builtin:StoreIC_Miss"
snapshot-pos,0x505d1440,319832
snapshot-code-name,319939,"Builtin:KeyedStoreIC_Miss"
snapshot-pos,0x505d14a0,319939
snapshot-code-name,320013,"Builtin:KeyedStoreIC_MissForceGeneric"
snapshot-pos,0x505d14e0,320013
snapshot-code-name,320087,"Builtin:KeyedStoreIC_Slow"
snapshot-pos,0x505d1520,320087
snapshot-code-name,320164,"Builtin:LoadIC_PreMonomorphic"
snapshot-pos,0x505d15c0,320164
snapshot-code-name,320271,"Builtin:LoadIC_Normal"
snapshot-pos,0x505d18c0,320271
snapshot-code-name,320638,"Builtin:LoadIC_ArrayLength"
snapshot-pos,0x505d1a20,320638
snapshot-code-name,320746,"Builtin:LoadIC_StringLength"
snapshot-pos,0x505d1a80,320746
snapshot-code-name,320854,"Builtin:LoadIC_StringWrapperLength"
snapshot-pos,0x505d1ae0,320854
snapshot-code-name,321026,"Builtin:LoadIC_FunctionPrototype"
snapshot-pos,0x505d1b80,321026
snapshot-code-name,321198,"Builtin:LoadIC_Megamorphic"
snapshot-pos,0x505d1c20,321198
snapshot-code-name,321509,"Builtin:KeyedLoadIC_PreMonomorphic"
snapshot-pos,0x505d1d80,321509
snapshot-code-name,321584,"Builtin:KeyedLoadIC_Generic"
snapshot-pos,0x505d2020,321584
snapshot-code-name,322470,"Builtin:KeyedLoadIC_String"
snapshot-pos,0x505d2380,322470
snapshot-code-name,323197,"Builtin:KeyedLoadIC_IndexedInterceptor"
snapshot-pos,0x505d2640,323197
snapshot-code-name,323337,"Builtin:KeyedLoadIC_NonStrictArguments"
snapshot-pos,0x505d26c0,323337
snapshot-code-name,323646,"Builtin:StoreIC_ArrayLength"
snapshot-pos,0x505d2840,323646
snapshot-code-name,323819,"Builtin:StoreIC_Normal"
snapshot-pos,0x505d28e0,323819
snapshot-code-name,324250,"Builtin:StoreIC_Megamorphic"
snapshot-pos,0x505d2a80,324250
snapshot-code-name,324558,"Builtin:StoreIC_GlobalProxy"
snapshot-pos,0x505d2ba0,324558
snapshot-code-name,324665,"Builtin:StoreIC_Initialize_Strict"
snapshot-pos,0x505d2c00,324665
snapshot-code-name,324772,"Builtin:StoreIC_ArrayLength_Strict"
snapshot-pos,0x505d2c60,324772
snapshot-code-name,324945,"Builtin:StoreIC_Normal_Strict"
snapshot-pos,0x505d2d00,324945
snapshot-code-name,325376,"Builtin:StoreIC_Megamorphic_Strict"
snapshot-pos,0x505d2ea0,325376
snapshot-code-name,325684,"Builtin:StoreIC_GlobalProxy_Strict"
snapshot-pos,0x505d2fc0,325684
snapshot-code-name,325794,"Builtin:KeyedStoreIC_Generic"
snapshot-pos,0x505d3060,325794
snapshot-code-name,326129,"Builtin:KeyedStoreIC_Initialize_Strict"
snapshot-pos,0x505d31a0,326129
snapshot-code-name,326203,"Builtin:KeyedStoreIC_Generic_Strict"
snapshot-pos,0x505d31e0,326203
snapshot-code-name,326538,"Builtin:KeyedStoreIC_NonStrictArguments"
snapshot-pos,0x505d3320,326538
snapshot-code-name,326937,"Builtin:FunctionCall"
snapshot-pos,0x505d34a0,326937
snapshot-code-name,327464,"Builtin:FunctionApply"
snapshot-pos,0x505d36a0,327464
snapshot-code-name,328058,"Builtin:ArrayCode"
snapshot-pos,0x505d38e0,328058
snapshot-code-name,328687,"Builtin:ArrayConstructCode"
snapshot-pos,0x505d3b40,328687
snapshot-code-name,329314,"Builtin:StringConstructCode"
snapshot-pos,0x505d3da0,329314
snapshot-code-name,329781,"Builtin:OnStackReplacement"
snapshot-pos,0x505d4020,329781
snapshot-code-name,330573,"Builtin:ConstructCall_DebugBreak"
snapshot-pos,0x505d43a0,330573
snapshot-code-name,330711,"Builtin:StubNoRegisters_DebugBreak"
snapshot-pos,0x505d4420,330711
snapshot-code-name,330850,"Builtin:LoadIC_DebugBreak"
snapshot-pos,0x505d44a0,330850
snapshot-code-name,330989,"Builtin:KeyedLoadIC_DebugBreak"
snapshot-pos,0x505d4520,330989
snapshot-code-name,331128,"Builtin:StoreIC_DebugBreak"
snapshot-pos,0x505d45a0,331128
snapshot-code-name,331267,"Builtin:KeyedStoreIC_DebugBreak"
snapshot-pos,0x505d4620,331267
snapshot-code-name,331409,"Builtin:PlainReturn_LiveEdit"
snapshot-pos,0x505d4720,331409
snapshot-code-name,331516,"Builtin:FrameDropper_LiveEdit"
snapshot-pos,0x505d4780,331516
